#
# There is insufficient memory for the Java Runtime Environment to continue.
# Native memory allocation (mmap) failed to map 69206016 bytes for Failed to commit area from 0x0000000094a00000 to 0x0000000098c00000 of length 69206016.
# Possible reasons:
#   The system is out of physical RAM or swap space
#   The process is running with CompressedOops enabled, and the Java Heap may be blocking the growth of the native heap
# Possible solutions:
#   Reduce memory load on the system
#   Increase physical memory or swap space
#   Check if swap backing store is full
#   Decrease Java heap size (-Xmx/-Xms)
#   Decrease number of Java threads
#   Decrease Java thread stack sizes (-Xss)
#   Set larger code cache with -XX:ReservedCodeCacheSize=
#   JVM is running with Unscaled Compressed Oops mode in which the Java heap is
#     placed in the first 4GB address space. The Java Heap base address is the
#     maximum limit for the native heap growth. Please use -XX:HeapBaseMinAddress
#     to set the Java Heap base and to place the Java Heap above 4GB virtual address.
# This output file may be truncated or incomplete.
#
#  Out of Memory Error (./src/hotspot/os/windows/os_windows.cpp:3301), pid=5400, tid=10444
#
# JRE version: OpenJDK Runtime Environment (11.0.10) (build 11.0.10+0-b96-7249189)
# Java VM: OpenJDK 64-Bit Server VM (11.0.10+0-b96-7249189, mixed mode, tiered, compressed oops, g1 gc, windows-amd64)
# No core dump will be written. Minidumps are not enabled by default on client versions of Windows
#

---------------  S U M M A R Y ------------

Command Line: --add-opens=java.base/java.util=ALL-UNNAMED --add-opens=java.base/java.lang=ALL-UNNAMED --add-opens=java.base/java.lang.invoke=ALL-UNNAMED --add-opens=java.base/java.util=ALL-UNNAMED --add-opens=java.prefs/java.util.prefs=ALL-UNNAMED --add-opens=java.prefs/java.util.prefs=ALL-UNNAMED --add-opens=java.base/java.nio.charset=ALL-UNNAMED --add-opens=java.base/java.net=ALL-UNNAMED --add-opens=java.base/java.util.concurrent.atomic=ALL-UNNAMED -Xmx2048m -Dfile.encoding=UTF-8 -Duser.country=TW -Duser.language=zh -Duser.variant org.gradle.launcher.daemon.bootstrap.GradleDaemon 7.0.2

Host: Intel(R) Core(TM) i7-7700 CPU @ 3.60GHz, 8 cores, 15G,  Windows 10 , 64 bit Build 19041 (10.0.19041.928)
Time: Tue Jan 18 11:31:31 2022 台北標準時間 elapsed time: 7626.119139 seconds (0d 2h 7m 6s)

---------------  T H R E A D  ---------------

Current thread (0x0000015eef15a800):  VMThread "VM Thread" [stack: 0x0000003f16600000,0x0000003f16700000] [id=10444]

Stack: [0x0000003f16600000,0x0000003f16700000]
[error occurred during error reporting (printing stack bounds), id 0xc0000005, EXCEPTION_ACCESS_VIOLATION (0xc0000005) at pc=0x0000015ed77a0f2d]

Native frames: (J=compiled Java code, j=interpreted, Vv=VM code, C=native code)
V  [jvm.dll+0x5ecfaa]
V  [jvm.dll+0x722bd5]
V  [jvm.dll+0x72412d]
V  [jvm.dll+0x724745]
V  [jvm.dll+0x7246fb]
V  [jvm.dll+0x5ec348]
V  [jvm.dll+0x5ecad8]
C  [ntdll.dll+0xa207f]
C  [ntdll.dll+0x51454]
C  [ntdll.dll+0xa0bae]
C  0x0000015ed77a0f2d

VM_Operation (0x0000003f19af9340): G1CollectForAllocation, mode: safepoint, requested by thread 0x0000015ef1903800


---------------  P R O C E S S  ---------------

Threads class SMR info:
_java_thread_list=0x0000015ef7f04ba0, length=74, elements={
0x0000015ed2498000, 0x0000015eef15c000, 0x0000015eef167000, 0x0000015eef1d7800,
0x0000015eef1d8000, 0x0000015eef1db000, 0x0000015eef1eb800, 0x0000015eef1ec800,
0x0000015eef1f8000, 0x0000015eef345000, 0x0000015ef0cbf800, 0x0000015ef0078800,
0x0000015ef1a02000, 0x0000015ef1217800, 0x0000015ef1218800, 0x0000015ef1219000,
0x0000015ef29fc000, 0x0000015ef29fd000, 0x0000015ef2a00000, 0x0000015ef29ff800,
0x0000015ef2a01000, 0x0000015ef29fb000, 0x0000015ef2a01800, 0x0000015ef2a02800,
0x0000015ef2a03800, 0x0000015ef29fd800, 0x0000015ef2a05000, 0x0000015ef2a07800,
0x0000015ef2a6b000, 0x0000015efa6af800, 0x0000015ef1907800, 0x0000015ef2a0a000,
0x0000015ef2a09000, 0x0000015ef2a04000, 0x0000015ef29fe800, 0x0000015efa6a4800,
0x0000015efa6a5000, 0x0000015efa6a3800, 0x0000015efa6ab000, 0x0000015efa6aa000,
0x0000015efa6a6800, 0x0000015efa6a6000, 0x0000015efa6a8800, 0x0000015efa6ac800,
0x0000015efa6ab800, 0x0000015efa6ad000, 0x0000015efa6a7800, 0x0000015efa6af000,
0x0000015efa6b0800, 0x0000015efa6b1800, 0x0000015ef1903800, 0x0000015ef1901000,
0x0000015ef1904000, 0x0000015ef18ff000, 0x0000015ef1900000, 0x0000015ef1905000,
0x0000015ef1906800, 0x0000015ef1906000, 0x0000015ef1901800, 0x0000015ef190c800,
0x0000015ef190d000, 0x0000015ef190b800, 0x0000015ef1908000, 0x0000015ef190a000,
0x0000015ef18fe800, 0x0000015ef2a64800, 0x0000015ef2a63000, 0x0000015ef2a65800,
0x0000015ef2a61000, 0x0000015ef2a5f800, 0x0000015ef2a66000, 0x0000015ef2a67000,
0x0000015ef2a62000, 0x0000015ef2a6c800
}

Java Threads: ( => current thread )
  0x0000015ed2498000 JavaThread "main" [_thread_blocked, id=13608, stack(0x0000003f16000000,0x0000003f16100000)]
  0x0000015eef15c000 JavaThread "Reference Handler" daemon [_thread_blocked, id=14120, stack(0x0000003f16700000,0x0000003f16800000)]
  0x0000015eef167000 JavaThread "Finalizer" daemon [_thread_blocked, id=14172, stack(0x0000003f16800000,0x0000003f16900000)]
  0x0000015eef1d7800 JavaThread "Signal Dispatcher" daemon [_thread_blocked, id=10700, stack(0x0000003f16900000,0x0000003f16a00000)]
  0x0000015eef1d8000 JavaThread "Attach Listener" daemon [_thread_blocked, id=6180, stack(0x0000003f16a00000,0x0000003f16b00000)]
  0x0000015eef1db000 JavaThread "Service Thread" daemon [_thread_blocked, id=11496, stack(0x0000003f16b00000,0x0000003f16c00000)]
  0x0000015eef1eb800 JavaThread "C2 CompilerThread0" daemon [_thread_in_native, id=11736, stack(0x0000003f16c00000,0x0000003f16d00000)]
  0x0000015eef1ec800 JavaThread "C1 CompilerThread0" daemon [_thread_blocked, id=4652, stack(0x0000003f16d00000,0x0000003f16e00000)]
  0x0000015eef1f8000 JavaThread "Sweeper thread" daemon [_thread_blocked, id=2816, stack(0x0000003f16e00000,0x0000003f16f00000)]
  0x0000015eef345000 JavaThread "Common-Cleaner" daemon [_thread_blocked, id=12432, stack(0x0000003f16f00000,0x0000003f17000000)]
  0x0000015ef0cbf800 JavaThread "Daemon health stats" [_thread_blocked, id=2148, stack(0x0000003f17800000,0x0000003f17900000)]
  0x0000015ef0078800 JavaThread "Incoming local TCP Connector on port 3534" [_thread_in_native, id=8600, stack(0x0000003f17900000,0x0000003f17a00000)]
  0x0000015ef1a02000 JavaThread "Daemon periodic checks" [_thread_blocked, id=13832, stack(0x0000003f17a00000,0x0000003f17b00000)]
  0x0000015ef1217800 JavaThread "Cache worker for file hash cache (C:\Users\user\.gradle\caches\7.0.2\fileHashes)" [_thread_blocked, id=5484, stack(0x0000003f18200000,0x0000003f18300000)]
  0x0000015ef1218800 JavaThread "File lock request listener" [_thread_in_native, id=7488, stack(0x0000003f18300000,0x0000003f18400000)]
  0x0000015ef1219000 JavaThread "Cache worker for journal cache (C:\Users\user\.gradle\caches\journal-1)" [_thread_blocked, id=11732, stack(0x0000003f18700000,0x0000003f18800000)]
  0x0000015ef29fc000 JavaThread "File watcher server" daemon [_thread_blocked, id=2004, stack(0x0000003f18900000,0x0000003f18a00000)]
  0x0000015ef29fd000 JavaThread "File watcher consumer" daemon [_thread_blocked, id=1940, stack(0x0000003f18a00000,0x0000003f18b00000)]
  0x0000015ef2a00000 JavaThread "jar transforms" [_thread_blocked, id=6768, stack(0x0000003f18b00000,0x0000003f18c00000)]
  0x0000015ef29ff800 JavaThread "jar transforms Thread 2" [_thread_blocked, id=144, stack(0x0000003f18c00000,0x0000003f18d00000)]
  0x0000015ef2a01000 JavaThread "jar transforms Thread 3" [_thread_blocked, id=1108, stack(0x0000003f18d00000,0x0000003f18e00000)]
  0x0000015ef29fb000 JavaThread "jar transforms Thread 4" [_thread_blocked, id=13356, stack(0x0000003f18e00000,0x0000003f18f00000)]
  0x0000015ef2a01800 JavaThread "jar transforms Thread 5" [_thread_blocked, id=3472, stack(0x0000003f18f00000,0x0000003f19000000)]
  0x0000015ef2a02800 JavaThread "jar transforms Thread 6" [_thread_blocked, id=7320, stack(0x0000003f19000000,0x0000003f19100000)]
  0x0000015ef2a03800 JavaThread "jar transforms Thread 7" [_thread_blocked, id=9024, stack(0x0000003f19100000,0x0000003f19200000)]
  0x0000015ef29fd800 JavaThread "jar transforms Thread 8" [_thread_blocked, id=13516, stack(0x0000003f19200000,0x0000003f19300000)]
  0x0000015ef2a05000 JavaThread "Cache worker for execution history cache (C:\Users\user\.gradle\caches\7.0.2\executionHistory)" [_thread_blocked, id=13848, stack(0x0000003f19600000,0x0000003f19700000)]
  0x0000015ef2a07800 JavaThread "Cache worker for file content cache (C:\Users\user\.gradle\caches\7.0.2\fileContent)" [_thread_blocked, id=5328, stack(0x0000003f19700000,0x0000003f19800000)]
  0x0000015ef2a6b000 JavaThread "Memory manager" [_thread_blocked, id=8152, stack(0x0000003f1a200000,0x0000003f1a300000)]
  0x0000015efa6af800 JavaThread "Cache worker for Java compile cache (C:\Users\user\.gradle\caches\7.0.2\javaCompile)" [_thread_blocked, id=11668, stack(0x0000003f1ae00000,0x0000003f1af00000)]
  0x0000015ef1907800 JavaThread "ForkJoinPool.commonPool-worker-13" daemon [_thread_blocked, id=6456, stack(0x0000003f1be00000,0x0000003f1bf00000)]
  0x0000015ef2a0a000 JavaThread "ForkJoinPool.commonPool-worker-9" daemon [_thread_blocked, id=368, stack(0x0000003f1b900000,0x0000003f1ba00000)]
  0x0000015ef2a09000 JavaThread "ForkJoinPool.commonPool-worker-11" daemon [_thread_blocked, id=3464, stack(0x0000003f1b500000,0x0000003f1b600000)]
  0x0000015ef2a04000 JavaThread "ForkJoinPool.commonPool-worker-15" daemon [_thread_blocked, id=5652, stack(0x0000003f1b600000,0x0000003f1b700000)]
  0x0000015ef29fe800 JavaThread "Daemon Thread 11" [_thread_blocked, id=3084, stack(0x0000003f15d00000,0x0000003f15e00000)]
  0x0000015efa6a4800 JavaThread "Handler for socket connection from /127.0.0.1:3534 to /127.0.0.1:4005" [_thread_in_native, id=6848, stack(0x0000003f15e00000,0x0000003f15f00000)]
  0x0000015efa6a5000 JavaThread "Cancel handler" [_thread_blocked, id=8580, stack(0x0000003f15f00000,0x0000003f16000000)]
  0x0000015efa6a3800 JavaThread "Daemon worker Thread 11" [_thread_blocked, id=10816, stack(0x0000003f17700000,0x0000003f17800000)]
  0x0000015efa6ab000 JavaThread "Asynchronous log dispatcher for DefaultDaemonConnection: socket connection from /127.0.0.1:3534 to /127.0.0.1:4005" [_thread_blocked, id=11300, stack(0x0000003f17b00000,0x0000003f17c00000)]
  0x0000015efa6aa000 JavaThread "Stdin handler" [_thread_blocked, id=8364, stack(0x0000003f17c00000,0x0000003f17d00000)]
  0x0000015efa6a6800 JavaThread "Daemon client event forwarder" [_thread_blocked, id=6408, stack(0x0000003f17d00000,0x0000003f17e00000)]
  0x0000015efa6a6000 JavaThread "Cache worker for file hash cache (C:\android-work\CH22-RecyclerView\.gradle\7.0.2\fileHashes)" [_thread_blocked, id=13572, stack(0x0000003f17e00000,0x0000003f17f00000)]
  0x0000015efa6a8800 JavaThread "Cache worker for checksums cache (C:\android-work\CH22-RecyclerView\.gradle\checksums)" [_thread_blocked, id=3588, stack(0x0000003f17f00000,0x0000003f18000000)]
  0x0000015efa6ac800 JavaThread "Cache worker for cache directory md-supplier (C:\Users\user\.gradle\caches\7.0.2\md-supplier)" [_thread_blocked, id=2316, stack(0x0000003f18000000,0x0000003f18100000)]
  0x0000015efa6ab800 JavaThread "Cache worker for cache directory md-rule (C:\Users\user\.gradle\caches\7.0.2\md-rule)" [_thread_blocked, id=8552, stack(0x0000003f18100000,0x0000003f18200000)]
  0x0000015efa6ad000 JavaThread "Cache worker for dependencies-accessors (C:\android-work\CH22-RecyclerView\.gradle\7.0.2\dependencies-accessors)" [_thread_blocked, id=10716, stack(0x0000003f18800000,0x0000003f18900000)]
  0x0000015efa6a7800 JavaThread "Cache worker for Build Output Cleanup Cache (C:\android-work\CH22-RecyclerView\.gradle\buildOutputCleanup)" [_thread_blocked, id=2656, stack(0x0000003f19300000,0x0000003f19400000)]
  0x0000015efa6af000 JavaThread "Build operations" [_thread_blocked, id=5152, stack(0x0000003f19500000,0x0000003f19600000)]
  0x0000015efa6b0800 JavaThread "Build operations Thread 2" [_thread_blocked, id=13152, stack(0x0000003f19800000,0x0000003f19900000)]
  0x0000015efa6b1800 JavaThread "Build operations Thread 3" [_thread_blocked, id=8792, stack(0x0000003f19900000,0x0000003f19a00000)]
  0x0000015ef1903800 JavaThread "Build operations Thread 4" [_thread_blocked, id=948, stack(0x0000003f19a00000,0x0000003f19b00000)]
  0x0000015ef1901000 JavaThread "Build operations Thread 5" [_thread_blocked, id=9384, stack(0x0000003f19b00000,0x0000003f19c00000)]
  0x0000015ef1904000 JavaThread "Build operations Thread 6" [_thread_blocked, id=3640, stack(0x0000003f19c00000,0x0000003f19d00000)]
  0x0000015ef18ff000 JavaThread "Build operations Thread 7" [_thread_blocked, id=6232, stack(0x0000003f19d00000,0x0000003f19e00000)]
  0x0000015ef1900000 JavaThread "Build operations Thread 8" [_thread_blocked, id=3220, stack(0x0000003f19e00000,0x0000003f19f00000)]
  0x0000015ef1905000 JavaThread "build event listener" [_thread_blocked, id=4836, stack(0x0000003f1a000000,0x0000003f1a100000)]
  0x0000015ef1906800 JavaThread "Execution worker for ':'" [_thread_blocked, id=11716, stack(0x0000003f1a100000,0x0000003f1a200000)]
  0x0000015ef1906000 JavaThread "Execution worker for ':' Thread 2" [_thread_blocked, id=7768, stack(0x0000003f1a300000,0x0000003f1a400000)]
  0x0000015ef1901800 JavaThread "Execution worker for ':' Thread 3" [_thread_blocked, id=11296, stack(0x0000003f1a400000,0x0000003f1a500000)]
  0x0000015ef190c800 JavaThread "Execution worker for ':' Thread 4" [_thread_blocked, id=8936, stack(0x0000003f1a500000,0x0000003f1a600000)]
  0x0000015ef190d000 JavaThread "Execution worker for ':' Thread 5" [_thread_blocked, id=11604, stack(0x0000003f1a600000,0x0000003f1a700000)]
  0x0000015ef190b800 JavaThread "Execution worker for ':' Thread 6" [_thread_blocked, id=1824, stack(0x0000003f1a700000,0x0000003f1a800000)]
  0x0000015ef1908000 JavaThread "Execution worker for ':' Thread 7" [_thread_blocked, id=10856, stack(0x0000003f1a800000,0x0000003f1a900000)]
  0x0000015ef190a000 JavaThread "Cache worker for execution history cache (C:\android-work\CH22-RecyclerView\.gradle\7.0.2\executionHistory)" [_thread_blocked, id=5560, stack(0x0000003f1a900000,0x0000003f1aa00000)]
  0x0000015ef18fe800 JavaThread "WorkerExecutor Queue" [_thread_blocked, id=8212, stack(0x0000003f19400000,0x0000003f19500000)]
  0x0000015ef2a64800 JavaThread "C2 CompilerThread1" daemon [_thread_blocked, id=1936, stack(0x0000003f19f00000,0x0000003f1a000000)]
  0x0000015ef2a63000 JavaThread "WorkerExecutor Queue Thread 2" [_thread_blocked, id=2212, stack(0x0000003f1aa00000,0x0000003f1ab00000)]
  0x0000015ef2a65800 JavaThread "C2 CompilerThread2" daemon [_thread_blocked, id=2840, stack(0x0000003f1ab00000,0x0000003f1ac00000)]
  0x0000015ef2a61000 JavaThread "WorkerExecutor Queue Thread 3" [_thread_blocked, id=8460, stack(0x0000003f1ac00000,0x0000003f1ad00000)]
  0x0000015ef2a5f800 JavaThread "WorkerExecutor Queue Thread 4" [_thread_blocked, id=7368, stack(0x0000003f1ad00000,0x0000003f1ae00000)]
  0x0000015ef2a66000 JavaThread "WorkerExecutor Queue Thread 5" [_thread_blocked, id=3708, stack(0x0000003f1af00000,0x0000003f1b000000)]
  0x0000015ef2a67000 JavaThread "WorkerExecutor Queue Thread 6" [_thread_blocked, id=9164, stack(0x0000003f1b000000,0x0000003f1b100000)]
  0x0000015ef2a62000 JavaThread "WorkerExecutor Queue Thread 7" [_thread_blocked, id=9336, stack(0x0000003f1b100000,0x0000003f1b200000)]
  0x0000015ef2a6c800 JavaThread "WorkerExecutor Queue Thread 8" [_thread_blocked, id=13436, stack(0x0000003f1b200000,0x0000003f1b300000)]

Other Threads:
=>0x0000015eef15a800 VMThread "VM Thread" [stack: 0x0000003f16600000,0x0000003f16700000] [id=10444]
  0x0000015eef379800 WatcherThread [stack: 0x0000003f17000000,0x0000003f17100000] [id=13488]
  0x0000015ed24b6000 GCTaskThread "GC Thread#0" [stack: 0x0000003f16100000,0x0000003f16200000] [id=8488]
  0x0000015eefc23000 GCTaskThread "GC Thread#1" [stack: 0x0000003f17200000,0x0000003f17300000] [id=6016]
  0x0000015eefcd0000 GCTaskThread "GC Thread#2" [stack: 0x0000003f17300000,0x0000003f17400000] [id=5340]
  0x0000015eefcd0800 GCTaskThread "GC Thread#3" [stack: 0x0000003f17400000,0x0000003f17500000] [id=4164]
  0x0000015eefbe4800 GCTaskThread "GC Thread#4" [stack: 0x0000003f17500000,0x0000003f17600000] [id=5964]
  0x0000015eefbe5800 GCTaskThread "GC Thread#5" [stack: 0x0000003f17600000,0x0000003f17700000] [id=11016]
  0x0000015ef148e800 GCTaskThread "GC Thread#6" [stack: 0x0000003f18400000,0x0000003f18500000] [id=7116]
  0x0000015ef053e000 GCTaskThread "GC Thread#7" [stack: 0x0000003f18500000,0x0000003f18600000] [id=14128]
  0x0000015ed24ea800 ConcurrentGCThread "G1 Main Marker" [stack: 0x0000003f16200000,0x0000003f16300000] [id=13728]
  0x0000015ed24eb800 ConcurrentGCThread "G1 Conc#0" [stack: 0x0000003f16300000,0x0000003f16400000] [id=2012]
  0x0000015eefee9000 ConcurrentGCThread "G1 Conc#1" [stack: 0x0000003f18600000,0x0000003f18700000] [id=8564]
  0x0000015eee7aa800 ConcurrentGCThread "G1 Refine#0" [stack: 0x0000003f16400000,0x0000003f16500000] [id=5908]
  0x0000015ef611c800 ConcurrentGCThread "G1 Refine#1" [stack: 0x0000003f17100000,0x0000003f17200000] [id=7180]
  0x0000015ef6116000 ConcurrentGCThread "G1 Refine#2" [stack: 0x0000003f1c000000,0x0000003f1c100000] [id=4424]
  0x0000015ef611b800 ConcurrentGCThread "G1 Refine#3" [stack: 0x0000003f1c100000,0x0000003f1c200000] [id=7332]
  0x0000015ef611d000 ConcurrentGCThread "G1 Refine#4" [stack: 0x0000003f1c200000,0x0000003f1c300000] [id=13100]
  0x0000015efe3dc800 ConcurrentGCThread "G1 Refine#5" [stack: 0x0000003f1c300000,0x0000003f1c400000] [id=6780]
  0x0000015efe3dc000 ConcurrentGCThread "G1 Refine#6" [stack: 0x0000003f1c400000,0x0000003f1c500000] [id=13580]
  0x0000015eee7ab800 ConcurrentGCThread "G1 Young RemSet Sampling" [stack: 0x0000003f16500000,0x0000003f16600000] [id=3576]

Threads with active compile tasks:
C2 CompilerThread07626141 35139 %     4       com.android.tools.r8.internal.U6::a @ 2560 (6044 bytes)
C2 CompilerThread17626141 35334 %     4       com.android.tools.r8.ir.regalloc.a::a @ 365 (946 bytes)
C2 CompilerThread27626141 35661       4       com.android.tools.r8.graph.E::R (36 bytes)

VM state:at safepoint (normal execution)

VM Mutex/Monitor currently owned by a thread:  ([mutex/lock_event])
[0x0000015ed24976e0] Threads_lock - owner thread: 0x0000015eef15a800
[0x0000015ed2497920] Heap_lock - owner thread: 0x0000015ef1903800

Heap address: 0x0000000080000000, size: 2048 MB, Compressed Oops mode: 32-bit
Narrow klass base: 0x0000000000000000, Narrow klass shift: 3
Compressed class space size: 1073741824 Address: 0x0000000100000000

Heap:
 garbage-first heap   total 405504K, used 173480K [0x0000000080000000, 0x0000000100000000)
  region size 1024K, 2 young (2048K), 2 survivors (2048K)
 Metaspace       used 144646K, capacity 149471K, committed 150016K, reserved 1179648K
  class space    used 17562K, capacity 19349K, committed 19712K, reserved 1048576K
Heap Regions: E=young(eden), S=young(survivor), O=old, HS=humongous(starts), HC=humongous(continues), CS=collection set, F=free, A=archive, TAMS=top-at-mark-start (previous, next)
|   0|0x0000000080000000, 0x0000000080100000, 0x0000000080100000|100%| O|  |TAMS 0x0000000080100000, 0x0000000080000000| Untracked 
|   1|0x0000000080100000, 0x0000000080200000, 0x0000000080200000|100%| O|  |TAMS 0x0000000080200000, 0x0000000080100000| Untracked 
|   2|0x0000000080200000, 0x0000000080300000, 0x0000000080300000|100%| O|  |TAMS 0x0000000080300000, 0x0000000080200000| Untracked 
|   3|0x0000000080300000, 0x0000000080400000, 0x0000000080400000|100%|HS|  |TAMS 0x0000000080400000, 0x0000000080300000| Complete 
|   4|0x0000000080400000, 0x0000000080500000, 0x0000000080500000|100%|HC|  |TAMS 0x0000000080500000, 0x0000000080400000| Complete 
|   5|0x0000000080500000, 0x0000000080600000, 0x0000000080600000|100%|HC|  |TAMS 0x0000000080600000, 0x0000000080500000| Complete 
|   6|0x0000000080600000, 0x0000000080700000, 0x0000000080700000|100%| O|  |TAMS 0x0000000080700000, 0x0000000080600000| Untracked 
|   7|0x0000000080700000, 0x0000000080800000, 0x0000000080800000|100%| O|  |TAMS 0x0000000080800000, 0x0000000080700000| Untracked 
|   8|0x0000000080800000, 0x0000000080900000, 0x0000000080900000|100%| O|  |TAMS 0x0000000080900000, 0x0000000080800000| Untracked 
|   9|0x0000000080900000, 0x0000000080a00000, 0x0000000080a00000|100%| O|  |TAMS 0x0000000080a00000, 0x0000000080900000| Complete 
|  10|0x0000000080a00000, 0x0000000080b00000, 0x0000000080b00000|100%| O|  |TAMS 0x0000000080b00000, 0x0000000080a00000| Untracked 
|  11|0x0000000080b00000, 0x0000000080c00000, 0x0000000080c00000|100%| O|  |TAMS 0x0000000080c00000, 0x0000000080b00000| Complete 
|  12|0x0000000080c00000, 0x0000000080d00000, 0x0000000080d00000|100%| O|  |TAMS 0x0000000080d00000, 0x0000000080c00000| Untracked 
|  13|0x0000000080d00000, 0x0000000080e00000, 0x0000000080e00000|100%| O|  |TAMS 0x0000000080e00000, 0x0000000080d00000| Complete 
|  14|0x0000000080e00000, 0x0000000080f00000, 0x0000000080f00000|100%| O|  |TAMS 0x0000000080f00000, 0x0000000080e00000| Complete 
|  15|0x0000000080f00000, 0x0000000081000000, 0x0000000081000000|100%| O|  |TAMS 0x0000000081000000, 0x0000000080f00000| Complete 
|  16|0x0000000081000000, 0x0000000081100000, 0x0000000081100000|100%| O|  |TAMS 0x0000000081100000, 0x0000000081000000| Complete 
|  17|0x0000000081100000, 0x0000000081200000, 0x0000000081200000|100%|HS|  |TAMS 0x0000000081200000, 0x0000000081100000| Complete 
|  18|0x0000000081200000, 0x0000000081300000, 0x0000000081300000|100%|HC|  |TAMS 0x0000000081300000, 0x0000000081200000| Complete 
|  19|0x0000000081300000, 0x0000000081400000, 0x0000000081400000|100%|HS|  |TAMS 0x0000000081400000, 0x0000000081300000| Complete 
|  20|0x0000000081400000, 0x0000000081500000, 0x0000000081500000|100%|HC|  |TAMS 0x0000000081500000, 0x0000000081400000| Complete 
|  21|0x0000000081500000, 0x0000000081600000, 0x0000000081600000|100%|HC|  |TAMS 0x0000000081600000, 0x0000000081500000| Complete 
|  22|0x0000000081600000, 0x0000000081700000, 0x0000000081700000|100%|HS|  |TAMS 0x0000000081700000, 0x0000000081600000| Complete 
|  23|0x0000000081700000, 0x0000000081800000, 0x0000000081800000|100%|HC|  |TAMS 0x0000000081800000, 0x0000000081700000| Complete 
|  24|0x0000000081800000, 0x0000000081900000, 0x0000000081900000|100%|HC|  |TAMS 0x0000000081900000, 0x0000000081800000| Complete 
|  25|0x0000000081900000, 0x0000000081a00000, 0x0000000081a00000|100%|HC|  |TAMS 0x0000000081a00000, 0x0000000081900000| Complete 
|  26|0x0000000081a00000, 0x0000000081b00000, 0x0000000081b00000|100%|HC|  |TAMS 0x0000000081b00000, 0x0000000081a00000| Complete 
|  27|0x0000000081b00000, 0x0000000081c00000, 0x0000000081c00000|100%|HS|  |TAMS 0x0000000081c00000, 0x0000000081b00000| Complete 
|  28|0x0000000081c00000, 0x0000000081d00000, 0x0000000081d00000|100%|HS|  |TAMS 0x0000000081d00000, 0x0000000081c00000| Complete 
|  29|0x0000000081d00000, 0x0000000081e00000, 0x0000000081e00000|100%| O|  |TAMS 0x0000000081e00000, 0x0000000081d00000| Untracked 
|  30|0x0000000081e00000, 0x0000000081f00000, 0x0000000081f00000|100%| O|  |TAMS 0x0000000081f00000, 0x0000000081e00000| Complete 
|  31|0x0000000081f00000, 0x0000000082000000, 0x0000000082000000|100%| O|  |TAMS 0x0000000082000000, 0x0000000081f00000| Untracked 
|  32|0x0000000082000000, 0x0000000082100000, 0x0000000082100000|100%| O|  |TAMS 0x0000000082100000, 0x0000000082000000| Complete 
|  33|0x0000000082100000, 0x0000000082200000, 0x0000000082200000|100%| O|  |TAMS 0x0000000082200000, 0x0000000082100000| Complete 
|  34|0x0000000082200000, 0x0000000082300000, 0x0000000082300000|100%| O|  |TAMS 0x0000000082300000, 0x0000000082200000| Complete 
|  35|0x0000000082300000, 0x0000000082400000, 0x0000000082400000|100%| O|  |TAMS 0x0000000082400000, 0x0000000082300000| Untracked 
|  36|0x0000000082400000, 0x0000000082500000, 0x0000000082500000|100%| O|  |TAMS 0x0000000082500000, 0x0000000082400000| Untracked 
|  37|0x0000000082500000, 0x0000000082600000, 0x0000000082600000|100%| O|  |TAMS 0x0000000082600000, 0x0000000082500000| Untracked 
|  38|0x0000000082600000, 0x0000000082700000, 0x0000000082700000|100%| O|  |TAMS 0x0000000082700000, 0x0000000082600000| Complete 
|  39|0x0000000082700000, 0x0000000082800000, 0x0000000082800000|100%| O|  |TAMS 0x0000000082800000, 0x0000000082700000| Complete 
|  40|0x0000000082800000, 0x0000000082900000, 0x0000000082900000|100%| O|  |TAMS 0x0000000082900000, 0x0000000082800000| Untracked 
|  41|0x0000000082900000, 0x0000000082a00000, 0x0000000082a00000|100%| O|  |TAMS 0x0000000082a00000, 0x0000000082900000| Complete 
|  42|0x0000000082a00000, 0x0000000082b00000, 0x0000000082b00000|100%| O|  |TAMS 0x0000000082b00000, 0x0000000082a00000| Untracked 
|  43|0x0000000082b00000, 0x0000000082c00000, 0x0000000082c00000|100%| O|  |TAMS 0x0000000082c00000, 0x0000000082b00000| Complete 
|  44|0x0000000082c00000, 0x0000000082d00000, 0x0000000082d00000|100%| O|  |TAMS 0x0000000082d00000, 0x0000000082c00000| Untracked 
|  45|0x0000000082d00000, 0x0000000082e00000, 0x0000000082e00000|100%| O|  |TAMS 0x0000000082e00000, 0x0000000082d00000| Complete 
|  46|0x0000000082e00000, 0x0000000082f00000, 0x0000000082f00000|100%|HS|  |TAMS 0x0000000082f00000, 0x0000000082e00000| Complete 
|  47|0x0000000082f00000, 0x0000000083000000, 0x0000000083000000|100%|HC|  |TAMS 0x0000000083000000, 0x0000000082f00000| Complete 
|  48|0x0000000083000000, 0x0000000083100000, 0x0000000083100000|100%| O|  |TAMS 0x0000000083100000, 0x0000000083000000| Untracked 
|  49|0x0000000083100000, 0x0000000083200000, 0x0000000083200000|100%| O|  |TAMS 0x0000000083200000, 0x0000000083100000| Untracked 
|  50|0x0000000083200000, 0x0000000083300000, 0x0000000083300000|100%| O|  |TAMS 0x0000000083200000, 0x0000000083200000| Untracked 
|  51|0x0000000083300000, 0x0000000083400000, 0x0000000083400000|100%| O|  |TAMS 0x0000000083300000, 0x0000000083300000| Untracked 
|  52|0x0000000083400000, 0x0000000083500000, 0x0000000083500000|100%| O|  |TAMS 0x0000000083500000, 0x0000000083400000| Untracked 
|  53|0x0000000083500000, 0x0000000083600000, 0x0000000083600000|100%| O|  |TAMS 0x0000000083600000, 0x0000000083500000| Complete 
|  54|0x0000000083600000, 0x0000000083700000, 0x0000000083700000|100%| O|  |TAMS 0x0000000083700000, 0x0000000083600000| Complete 
|  55|0x0000000083700000, 0x0000000083800000, 0x0000000083800000|100%| O|  |TAMS 0x0000000083800000, 0x0000000083700000| Complete 
|  56|0x0000000083800000, 0x0000000083900000, 0x0000000083900000|100%| O|  |TAMS 0x0000000083900000, 0x0000000083800000| Complete 
|  57|0x0000000083900000, 0x0000000083a00000, 0x0000000083a00000|100%| O|  |TAMS 0x0000000083a00000, 0x0000000083900000| Complete 
|  58|0x0000000083a00000, 0x0000000083b00000, 0x0000000083b00000|100%| O|  |TAMS 0x0000000083b00000, 0x0000000083a00000| Complete 
|  59|0x0000000083b00000, 0x0000000083c00000, 0x0000000083c00000|100%| O|  |TAMS 0x0000000083c00000, 0x0000000083b00000| Complete 
|  60|0x0000000083c00000, 0x0000000083d00000, 0x0000000083d00000|100%| O|  |TAMS 0x0000000083d00000, 0x0000000083c00000| Complete 
|  61|0x0000000083d00000, 0x0000000083e00000, 0x0000000083e00000|100%| O|  |TAMS 0x0000000083e00000, 0x0000000083d00000| Complete 
|  62|0x0000000083e00000, 0x0000000083f00000, 0x0000000083f00000|100%| O|  |TAMS 0x0000000083f00000, 0x0000000083e00000| Complete 
|  63|0x0000000083f00000, 0x0000000084000000, 0x0000000084000000|100%| O|  |TAMS 0x0000000084000000, 0x0000000083f00000| Complete 
|  64|0x0000000084000000, 0x0000000084100000, 0x0000000084100000|100%| O|  |TAMS 0x0000000084100000, 0x0000000084000000| Complete 
|  65|0x0000000084100000, 0x0000000084200000, 0x0000000084200000|100%| O|  |TAMS 0x0000000084100000, 0x0000000084100000| Untracked 
|  66|0x0000000084200000, 0x0000000084300000, 0x0000000084300000|100%| O|  |TAMS 0x0000000084300000, 0x0000000084200000| Complete 
|  67|0x0000000084300000, 0x0000000084400000, 0x0000000084400000|100%| O|  |TAMS 0x0000000084400000, 0x0000000084300000| Untracked 
|  68|0x0000000084400000, 0x0000000084500000, 0x0000000084500000|100%| O|  |TAMS 0x0000000084500000, 0x0000000084400000| Untracked 
|  69|0x0000000084500000, 0x0000000084600000, 0x0000000084600000|100%| O|  |TAMS 0x0000000084600000, 0x0000000084500000| Untracked 
|  70|0x0000000084600000, 0x0000000084700000, 0x0000000084700000|100%| O|  |TAMS 0x0000000084700000, 0x0000000084600000| Complete 
|  71|0x0000000084700000, 0x0000000084800000, 0x0000000084800000|100%| O|  |TAMS 0x0000000084800000, 0x0000000084700000| Complete 
|  72|0x0000000084800000, 0x0000000084900000, 0x0000000084900000|100%| O|  |TAMS 0x0000000084900000, 0x0000000084800000| Complete 
|  73|0x0000000084900000, 0x0000000084a00000, 0x0000000084a00000|100%| O|  |TAMS 0x0000000084a00000, 0x0000000084900000| Untracked 
|  74|0x0000000084a00000, 0x0000000084b00000, 0x0000000084b00000|100%| O|  |TAMS 0x0000000084b00000, 0x0000000084a00000| Complete 
|  75|0x0000000084b00000, 0x0000000084c00000, 0x0000000084c00000|100%| O|  |TAMS 0x0000000084c00000, 0x0000000084b00000| Untracked 
|  76|0x0000000084c00000, 0x0000000084d00000, 0x0000000084d00000|100%| O|  |TAMS 0x0000000084d00000, 0x0000000084c00000| Untracked 
|  77|0x0000000084d00000, 0x0000000084e00000, 0x0000000084e00000|100%| O|  |TAMS 0x0000000084e00000, 0x0000000084d00000| Complete 
|  78|0x0000000084e00000, 0x0000000084f00000, 0x0000000084f00000|100%| O|  |TAMS 0x0000000084f00000, 0x0000000084e00000| Complete 
|  79|0x0000000084f00000, 0x0000000084f00000, 0x0000000085000000|  0%| F|  |TAMS 0x0000000084f00000, 0x0000000084f00000| Untracked 
|  80|0x0000000085000000, 0x0000000085000000, 0x0000000085100000|  0%| F|  |TAMS 0x0000000085000000, 0x0000000085000000| Untracked 
|  81|0x0000000085100000, 0x0000000085200000, 0x0000000085200000|100%| O|  |TAMS 0x0000000085200000, 0x0000000085100000| Complete 
|  82|0x0000000085200000, 0x0000000085300000, 0x0000000085300000|100%| O|  |TAMS 0x0000000085300000, 0x0000000085200000| Untracked 
|  83|0x0000000085300000, 0x0000000085400000, 0x0000000085400000|100%| O|  |TAMS 0x0000000085400000, 0x0000000085300000| Untracked 
|  84|0x0000000085400000, 0x0000000085400000, 0x0000000085500000|  0%| F|  |TAMS 0x0000000085400000, 0x0000000085400000| Untracked 
|  85|0x0000000085500000, 0x0000000085600000, 0x0000000085600000|100%| O|  |TAMS 0x0000000085600000, 0x0000000085500000| Untracked 
|  86|0x0000000085600000, 0x0000000085700000, 0x0000000085700000|100%| O|  |TAMS 0x0000000085700000, 0x0000000085600000| Untracked 
|  87|0x0000000085700000, 0x0000000085800000, 0x0000000085800000|100%| O|  |TAMS 0x0000000085800000, 0x0000000085700000| Untracked 
|  88|0x0000000085800000, 0x0000000085900000, 0x0000000085900000|100%| O|  |TAMS 0x0000000085900000, 0x0000000085800000| Untracked 
|  89|0x0000000085900000, 0x0000000085a00000, 0x0000000085a00000|100%| O|  |TAMS 0x0000000085a00000, 0x0000000085900000| Untracked 
|  90|0x0000000085a00000, 0x0000000085b00000, 0x0000000085b00000|100%| O|  |TAMS 0x0000000085b00000, 0x0000000085a00000| Untracked 
|  91|0x0000000085b00000, 0x0000000085c00000, 0x0000000085c00000|100%| O|  |TAMS 0x0000000085c00000, 0x0000000085b00000| Complete 
|  92|0x0000000085c00000, 0x0000000085d00000, 0x0000000085d00000|100%| O|  |TAMS 0x0000000085d00000, 0x0000000085c00000| Complete 
|  93|0x0000000085d00000, 0x0000000085e00000, 0x0000000085e00000|100%| O|  |TAMS 0x0000000085d00000, 0x0000000085d00000| Untracked 
|  94|0x0000000085e00000, 0x0000000085f00000, 0x0000000085f00000|100%| O|  |TAMS 0x0000000085f00000, 0x0000000085e00000| Complete 
|  95|0x0000000085f00000, 0x0000000085f00000, 0x0000000086000000|  0%| F|  |TAMS 0x0000000085f00000, 0x0000000085f00000| Untracked 
|  96|0x0000000086000000, 0x0000000086100000, 0x0000000086100000|100%| O|  |TAMS 0x0000000086100000, 0x0000000086000000| Untracked 
|  97|0x0000000086100000, 0x0000000086200000, 0x0000000086200000|100%| O|  |TAMS 0x0000000086200000, 0x0000000086100000| Untracked 
|  98|0x0000000086200000, 0x0000000086300000, 0x0000000086300000|100%| O|  |TAMS 0x0000000086300000, 0x0000000086200000| Complete 
|  99|0x0000000086300000, 0x0000000086400000, 0x0000000086400000|100%| O|  |TAMS 0x0000000086400000, 0x0000000086300000| Complete 
| 100|0x0000000086400000, 0x0000000086500000, 0x0000000086500000|100%| O|  |TAMS 0x0000000086500000, 0x0000000086400000| Complete 
| 101|0x0000000086500000, 0x0000000086600000, 0x0000000086600000|100%| O|  |TAMS 0x0000000086600000, 0x0000000086500000| Complete 
| 102|0x0000000086600000, 0x0000000086700000, 0x0000000086700000|100%| O|  |TAMS 0x0000000086700000, 0x0000000086600000| Untracked 
| 103|0x0000000086700000, 0x0000000086800000, 0x0000000086800000|100%| O|  |TAMS 0x0000000086800000, 0x0000000086700000| Untracked 
| 104|0x0000000086800000, 0x0000000086900000, 0x0000000086900000|100%| O|  |TAMS 0x0000000086900000, 0x0000000086800000| Untracked 
| 105|0x0000000086900000, 0x0000000086900000, 0x0000000086a00000|  0%| F|  |TAMS 0x0000000086900000, 0x0000000086900000| Untracked 
| 106|0x0000000086a00000, 0x0000000086b00000, 0x0000000086b00000|100%| O|  |TAMS 0x0000000086b00000, 0x0000000086a00000| Complete 
| 107|0x0000000086b00000, 0x0000000086c00000, 0x0000000086c00000|100%| O|  |TAMS 0x0000000086c00000, 0x0000000086b00000| Complete 
| 108|0x0000000086c00000, 0x0000000086d00000, 0x0000000086d00000|100%| O|  |TAMS 0x0000000086d00000, 0x0000000086c00000| Untracked 
| 109|0x0000000086d00000, 0x0000000086e00000, 0x0000000086e00000|100%| O|  |TAMS 0x0000000086e00000, 0x0000000086d00000| Untracked 
| 110|0x0000000086e00000, 0x0000000086f00000, 0x0000000086f00000|100%| O|  |TAMS 0x0000000086f00000, 0x0000000086e00000| Untracked 
| 111|0x0000000086f00000, 0x0000000087000000, 0x0000000087000000|100%| O|  |TAMS 0x0000000087000000, 0x0000000086f00000| Complete 
| 112|0x0000000087000000, 0x0000000087100000, 0x0000000087100000|100%| O|  |TAMS 0x0000000087100000, 0x0000000087000000| Complete 
| 113|0x0000000087100000, 0x0000000087200000, 0x0000000087200000|100%| O|  |TAMS 0x0000000087200000, 0x0000000087100000| Untracked 
| 114|0x0000000087200000, 0x0000000087300000, 0x0000000087300000|100%| O|  |TAMS 0x0000000087300000, 0x0000000087200000| Untracked 
| 115|0x0000000087300000, 0x0000000087400000, 0x0000000087400000|100%| O|  |TAMS 0x0000000087400000, 0x0000000087300000| Complete 
| 116|0x0000000087400000, 0x0000000087500000, 0x0000000087500000|100%| O|  |TAMS 0x0000000087500000, 0x0000000087400000| Complete 
| 117|0x0000000087500000, 0x0000000087600000, 0x0000000087600000|100%| O|  |TAMS 0x0000000087600000, 0x0000000087500000| Untracked 
| 118|0x0000000087600000, 0x0000000087700000, 0x0000000087700000|100%| O|  |TAMS 0x0000000087700000, 0x0000000087600000| Untracked 
| 119|0x0000000087700000, 0x0000000087800000, 0x0000000087800000|100%| O|  |TAMS 0x0000000087800000, 0x0000000087700000| Untracked 
| 120|0x0000000087800000, 0x0000000087900000, 0x0000000087900000|100%| O|  |TAMS 0x0000000087900000, 0x0000000087800000| Complete 
| 121|0x0000000087900000, 0x0000000087a00000, 0x0000000087a00000|100%| O|  |TAMS 0x0000000087a00000, 0x0000000087900000| Untracked 
| 122|0x0000000087a00000, 0x0000000087b00000, 0x0000000087b00000|100%| O|  |TAMS 0x0000000087b00000, 0x0000000087a00000| Untracked 
| 123|0x0000000087b00000, 0x0000000087c00000, 0x0000000087c00000|100%| O|  |TAMS 0x0000000087c00000, 0x0000000087b00000| Untracked 
| 124|0x0000000087c00000, 0x0000000087d00000, 0x0000000087d00000|100%| O|  |TAMS 0x0000000087d00000, 0x0000000087c00000| Untracked 
| 125|0x0000000087d00000, 0x0000000087d00000, 0x0000000087e00000|  0%| F|  |TAMS 0x0000000087d00000, 0x0000000087d00000| Untracked 
| 126|0x0000000087e00000, 0x0000000087f00000, 0x0000000087f00000|100%| O|  |TAMS 0x0000000087f00000, 0x0000000087e00000| Untracked 
| 127|0x0000000087f00000, 0x0000000088000000, 0x0000000088000000|100%| O|  |TAMS 0x0000000088000000, 0x0000000087f00000| Untracked 
| 128|0x0000000088000000, 0x0000000088100000, 0x0000000088100000|100%| O|  |TAMS 0x0000000088100000, 0x0000000088000000| Complete 
| 129|0x0000000088100000, 0x0000000088200000, 0x0000000088200000|100%| O|  |TAMS 0x0000000088200000, 0x0000000088100000| Complete 
| 130|0x0000000088200000, 0x0000000088200000, 0x0000000088300000|  0%| F|  |TAMS 0x0000000088200000, 0x0000000088200000| Untracked 
| 131|0x0000000088300000, 0x0000000088300000, 0x0000000088400000|  0%| F|  |TAMS 0x0000000088300000, 0x0000000088300000| Untracked 
| 132|0x0000000088400000, 0x0000000088500000, 0x0000000088500000|100%| O|  |TAMS 0x0000000088500000, 0x0000000088400000| Untracked 
| 133|0x0000000088500000, 0x0000000088600000, 0x0000000088600000|100%| O|  |TAMS 0x0000000088600000, 0x0000000088500000| Untracked 
| 134|0x0000000088600000, 0x0000000088700000, 0x0000000088700000|100%| O|  |TAMS 0x0000000088700000, 0x0000000088600000| Untracked 
| 135|0x0000000088700000, 0x0000000088800000, 0x0000000088800000|100%| O|  |TAMS 0x0000000088800000, 0x0000000088700000| Untracked 
| 136|0x0000000088800000, 0x0000000088900000, 0x0000000088900000|100%| O|  |TAMS 0x0000000088800000, 0x0000000088800000| Untracked 
| 137|0x0000000088900000, 0x0000000088a00000, 0x0000000088a00000|100%| O|  |TAMS 0x0000000088a00000, 0x0000000088900000| Complete 
| 138|0x0000000088a00000, 0x0000000088b00000, 0x0000000088b00000|100%| O|  |TAMS 0x0000000088b00000, 0x0000000088a00000| Untracked 
| 139|0x0000000088b00000, 0x0000000088c00000, 0x0000000088c00000|100%| O|  |TAMS 0x0000000088c00000, 0x0000000088b00000| Untracked 
| 140|0x0000000088c00000, 0x0000000088d00000, 0x0000000088d00000|100%| O|  |TAMS 0x0000000088d00000, 0x0000000088c00000| Complete 
| 141|0x0000000088d00000, 0x0000000088e00000, 0x0000000088e00000|100%| O|  |TAMS 0x0000000088e00000, 0x0000000088d00000| Complete 
| 142|0x0000000088e00000, 0x0000000088e00000, 0x0000000088f00000|  0%| F|  |TAMS 0x0000000088e00000, 0x0000000088e00000| Untracked 
| 143|0x0000000088f00000, 0x0000000089000000, 0x0000000089000000|100%| O|  |TAMS 0x0000000089000000, 0x0000000088f00000| Untracked 
| 144|0x0000000089000000, 0x0000000089100000, 0x0000000089100000|100%| O|  |TAMS 0x0000000089100000, 0x0000000089000000| Untracked 
| 145|0x0000000089100000, 0x0000000089200000, 0x0000000089200000|100%| O|  |TAMS 0x0000000089200000, 0x0000000089100000| Untracked 
| 146|0x0000000089200000, 0x0000000089300000, 0x0000000089300000|100%| O|  |TAMS 0x0000000089300000, 0x0000000089200000| Untracked 
| 147|0x0000000089300000, 0x0000000089400000, 0x0000000089400000|100%| O|  |TAMS 0x0000000089400000, 0x0000000089300000| Untracked 
| 148|0x0000000089400000, 0x0000000089500000, 0x0000000089500000|100%| O|  |TAMS 0x0000000089500000, 0x0000000089400000| Untracked 
| 149|0x0000000089500000, 0x0000000089600000, 0x0000000089600000|100%| O|  |TAMS 0x0000000089600000, 0x0000000089500000| Untracked 
| 150|0x0000000089600000, 0x0000000089700000, 0x0000000089700000|100%| O|  |TAMS 0x0000000089700000, 0x0000000089600000| Untracked 
| 151|0x0000000089700000, 0x0000000089800000, 0x0000000089800000|100%| O|  |TAMS 0x0000000089800000, 0x0000000089700000| Untracked 
| 152|0x0000000089800000, 0x0000000089900000, 0x0000000089900000|100%| O|  |TAMS 0x0000000089900000, 0x0000000089800000| Untracked 
| 153|0x0000000089900000, 0x0000000089a00000, 0x0000000089a00000|100%| O|  |TAMS 0x0000000089a00000, 0x0000000089900000| Untracked 
| 154|0x0000000089a00000, 0x0000000089b00000, 0x0000000089b00000|100%| O|  |TAMS 0x0000000089b00000, 0x0000000089a00000| Untracked 
| 155|0x0000000089b00000, 0x0000000089b00000, 0x0000000089c00000|  0%| F|  |TAMS 0x0000000089b00000, 0x0000000089b00000| Untracked 
| 156|0x0000000089c00000, 0x0000000089d00000, 0x0000000089d00000|100%| O|  |TAMS 0x0000000089d00000, 0x0000000089c00000| Untracked 
| 157|0x0000000089d00000, 0x0000000089e00000, 0x0000000089e00000|100%| O|  |TAMS 0x0000000089e00000, 0x0000000089d00000| Untracked 
| 158|0x0000000089e00000, 0x0000000089f00000, 0x0000000089f00000|100%| O|  |TAMS 0x0000000089f00000, 0x0000000089e00000| Untracked 
| 159|0x0000000089f00000, 0x000000008a000000, 0x000000008a000000|100%| O|  |TAMS 0x000000008a000000, 0x0000000089f00000| Untracked 
| 160|0x000000008a000000, 0x000000008a100000, 0x000000008a100000|100%| O|  |TAMS 0x000000008a100000, 0x000000008a000000| Untracked 
| 161|0x000000008a100000, 0x000000008a200000, 0x000000008a200000|100%| O|  |TAMS 0x000000008a200000, 0x000000008a100000| Untracked 
| 162|0x000000008a200000, 0x000000008a300000, 0x000000008a300000|100%| O|  |TAMS 0x000000008a300000, 0x000000008a200000| Untracked 
| 163|0x000000008a300000, 0x000000008a400000, 0x000000008a400000|100%| O|  |TAMS 0x000000008a400000, 0x000000008a300000| Untracked 
| 164|0x000000008a400000, 0x000000008a500000, 0x000000008a500000|100%| O|  |TAMS 0x000000008a500000, 0x000000008a400000| Untracked 
| 165|0x000000008a500000, 0x000000008a600000, 0x000000008a600000|100%| O|  |TAMS 0x000000008a600000, 0x000000008a500000| Untracked 
| 166|0x000000008a600000, 0x000000008a700000, 0x000000008a700000|100%| O|  |TAMS 0x000000008a700000, 0x000000008a600000| Untracked 
| 167|0x000000008a700000, 0x000000008a800000, 0x000000008a800000|100%| O|  |TAMS 0x000000008a800000, 0x000000008a700000| Untracked 
| 168|0x000000008a800000, 0x000000008a800000, 0x000000008a900000|  0%| F|  |TAMS 0x000000008a800000, 0x000000008a800000| Untracked 
| 169|0x000000008a900000, 0x000000008a900000, 0x000000008aa00000|  0%| F|  |TAMS 0x000000008a900000, 0x000000008a900000| Untracked 
| 170|0x000000008aa00000, 0x000000008ab00000, 0x000000008ab00000|100%| O|  |TAMS 0x000000008aa00000, 0x000000008aa00000| Untracked 
| 171|0x000000008ab00000, 0x000000008ac00000, 0x000000008ac00000|100%| O|  |TAMS 0x000000008ab00000, 0x000000008ab00000| Untracked 
| 172|0x000000008ac00000, 0x000000008ad00000, 0x000000008ad00000|100%| O|  |TAMS 0x000000008ac00000, 0x000000008ac00000| Untracked 
| 173|0x000000008ad00000, 0x000000008ae00000, 0x000000008ae00000|100%| O|  |TAMS 0x000000008ad00000, 0x000000008ad00000| Untracked 
| 174|0x000000008ae00000, 0x000000008af00000, 0x000000008af00000|100%| O|  |TAMS 0x000000008ae00000, 0x000000008ae00000| Untracked 
| 175|0x000000008af00000, 0x000000008b000000, 0x000000008b000000|100%| O|  |TAMS 0x000000008af00000, 0x000000008af00000| Untracked 
| 176|0x000000008b000000, 0x000000008b100000, 0x000000008b100000|100%| O|  |TAMS 0x000000008b000000, 0x000000008b000000| Untracked 
| 177|0x000000008b100000, 0x000000008b200000, 0x000000008b200000|100%| O|  |TAMS 0x000000008b100000, 0x000000008b100000| Untracked 
| 178|0x000000008b200000, 0x000000008b300000, 0x000000008b300000|100%| O|  |TAMS 0x000000008b200000, 0x000000008b200000| Untracked 
| 179|0x000000008b300000, 0x000000008b400000, 0x000000008b400000|100%| O|  |TAMS 0x000000008b300000, 0x000000008b300000| Untracked 
| 180|0x000000008b400000, 0x000000008b432e00, 0x000000008b500000| 19%| O|  |TAMS 0x000000008b400000, 0x000000008b400000| Untracked 
| 181|0x000000008b500000, 0x000000008b500000, 0x000000008b600000|  0%| F|  |TAMS 0x000000008b500000, 0x000000008b500000| Untracked 
| 182|0x000000008b600000, 0x000000008b600000, 0x000000008b700000|  0%| F|  |TAMS 0x000000008b600000, 0x000000008b600000| Untracked 
| 183|0x000000008b700000, 0x000000008b700000, 0x000000008b800000|  0%| F|  |TAMS 0x000000008b700000, 0x000000008b700000| Untracked 
| 184|0x000000008b800000, 0x000000008b800000, 0x000000008b900000|  0%| F|  |TAMS 0x000000008b800000, 0x000000008b800000| Untracked 
| 185|0x000000008b900000, 0x000000008b900000, 0x000000008ba00000|  0%| F|  |TAMS 0x000000008b900000, 0x000000008b900000| Untracked 
| 186|0x000000008ba00000, 0x000000008ba00000, 0x000000008bb00000|  0%| F|  |TAMS 0x000000008ba00000, 0x000000008ba00000| Untracked 
| 187|0x000000008bb00000, 0x000000008bb00000, 0x000000008bc00000|  0%| F|  |TAMS 0x000000008bb00000, 0x000000008bb00000| Untracked 
| 188|0x000000008bc00000, 0x000000008bc00000, 0x000000008bd00000|  0%| F|  |TAMS 0x000000008bc00000, 0x000000008bc00000| Untracked 
| 189|0x000000008bd00000, 0x000000008bd00000, 0x000000008be00000|  0%| F|  |TAMS 0x000000008bd00000, 0x000000008bd00000| Untracked 
| 190|0x000000008be00000, 0x000000008be00000, 0x000000008bf00000|  0%| F|  |TAMS 0x000000008be00000, 0x000000008be00000| Untracked 
| 191|0x000000008bf00000, 0x000000008bf00000, 0x000000008c000000|  0%| F|  |TAMS 0x000000008bf00000, 0x000000008bf00000| Untracked 
| 192|0x000000008c000000, 0x000000008c000000, 0x000000008c100000|  0%| F|  |TAMS 0x000000008c000000, 0x000000008c000000| Untracked 
| 193|0x000000008c100000, 0x000000008c100000, 0x000000008c200000|  0%| F|  |TAMS 0x000000008c100000, 0x000000008c100000| Untracked 
| 194|0x000000008c200000, 0x000000008c200000, 0x000000008c300000|  0%| F|  |TAMS 0x000000008c200000, 0x000000008c200000| Untracked 
| 195|0x000000008c300000, 0x000000008c300000, 0x000000008c400000|  0%| F|  |TAMS 0x000000008c300000, 0x000000008c300000| Untracked 
| 196|0x000000008c400000, 0x000000008c400000, 0x000000008c500000|  0%| F|  |TAMS 0x000000008c400000, 0x000000008c400000| Untracked 
| 197|0x000000008c500000, 0x000000008c500000, 0x000000008c600000|  0%| F|  |TAMS 0x000000008c500000, 0x000000008c500000| Untracked 
| 198|0x000000008c600000, 0x000000008c600000, 0x000000008c700000|  0%| F|  |TAMS 0x000000008c600000, 0x000000008c600000| Untracked 
| 199|0x000000008c700000, 0x000000008c700000, 0x000000008c800000|  0%| F|  |TAMS 0x000000008c700000, 0x000000008c700000| Untracked 
| 200|0x000000008c800000, 0x000000008c800000, 0x000000008c900000|  0%| F|  |TAMS 0x000000008c800000, 0x000000008c800000| Untracked 
| 201|0x000000008c900000, 0x000000008c900000, 0x000000008ca00000|  0%| F|  |TAMS 0x000000008c900000, 0x000000008c900000| Untracked 
| 202|0x000000008ca00000, 0x000000008ca00000, 0x000000008cb00000|  0%| F|  |TAMS 0x000000008ca00000, 0x000000008ca00000| Untracked 
| 203|0x000000008cb00000, 0x000000008cb00000, 0x000000008cc00000|  0%| F|  |TAMS 0x000000008cb00000, 0x000000008cb00000| Untracked 
| 204|0x000000008cc00000, 0x000000008cc00000, 0x000000008cd00000|  0%| F|  |TAMS 0x000000008cc00000, 0x000000008cc00000| Untracked 
| 205|0x000000008cd00000, 0x000000008cd00000, 0x000000008ce00000|  0%| F|  |TAMS 0x000000008cd00000, 0x000000008cd00000| Untracked 
| 206|0x000000008ce00000, 0x000000008ce00000, 0x000000008cf00000|  0%| F|  |TAMS 0x000000008ce00000, 0x000000008ce00000| Untracked 
| 207|0x000000008cf00000, 0x000000008cf00000, 0x000000008d000000|  0%| F|  |TAMS 0x000000008cf00000, 0x000000008cf00000| Untracked 
| 208|0x000000008d000000, 0x000000008d000000, 0x000000008d100000|  0%| F|  |TAMS 0x000000008d000000, 0x000000008d000000| Untracked 
| 209|0x000000008d100000, 0x000000008d100000, 0x000000008d200000|  0%| F|  |TAMS 0x000000008d100000, 0x000000008d100000| Untracked 
| 210|0x000000008d200000, 0x000000008d200000, 0x000000008d300000|  0%| F|  |TAMS 0x000000008d200000, 0x000000008d200000| Untracked 
| 211|0x000000008d300000, 0x000000008d300000, 0x000000008d400000|  0%| F|  |TAMS 0x000000008d300000, 0x000000008d300000| Untracked 
| 212|0x000000008d400000, 0x000000008d400000, 0x000000008d500000|  0%| F|  |TAMS 0x000000008d400000, 0x000000008d400000| Untracked 
| 213|0x000000008d500000, 0x000000008d500000, 0x000000008d600000|  0%| F|  |TAMS 0x000000008d500000, 0x000000008d500000| Untracked 
| 214|0x000000008d600000, 0x000000008d600000, 0x000000008d700000|  0%| F|  |TAMS 0x000000008d600000, 0x000000008d600000| Untracked 
| 215|0x000000008d700000, 0x000000008d700000, 0x000000008d800000|  0%| F|  |TAMS 0x000000008d700000, 0x000000008d700000| Untracked 
| 216|0x000000008d800000, 0x000000008d800000, 0x000000008d900000|  0%| F|  |TAMS 0x000000008d800000, 0x000000008d800000| Untracked 
| 217|0x000000008d900000, 0x000000008d900000, 0x000000008da00000|  0%| F|  |TAMS 0x000000008d900000, 0x000000008d900000| Untracked 
| 218|0x000000008da00000, 0x000000008da00000, 0x000000008db00000|  0%| F|  |TAMS 0x000000008da00000, 0x000000008da00000| Untracked 
| 219|0x000000008db00000, 0x000000008db00000, 0x000000008dc00000|  0%| F|  |TAMS 0x000000008db00000, 0x000000008db00000| Untracked 
| 220|0x000000008dc00000, 0x000000008dc00000, 0x000000008dd00000|  0%| F|  |TAMS 0x000000008dc00000, 0x000000008dc00000| Untracked 
| 221|0x000000008dd00000, 0x000000008dd00000, 0x000000008de00000|  0%| F|  |TAMS 0x000000008dd00000, 0x000000008dd00000| Untracked 
| 222|0x000000008de00000, 0x000000008de00000, 0x000000008df00000|  0%| F|  |TAMS 0x000000008de00000, 0x000000008de00000| Untracked 
| 223|0x000000008df00000, 0x000000008df00000, 0x000000008e000000|  0%| F|  |TAMS 0x000000008df00000, 0x000000008df00000| Untracked 
| 224|0x000000008e000000, 0x000000008e000000, 0x000000008e100000|  0%| F|  |TAMS 0x000000008e000000, 0x000000008e000000| Untracked 
| 225|0x000000008e100000, 0x000000008e100000, 0x000000008e200000|  0%| F|  |TAMS 0x000000008e100000, 0x000000008e100000| Untracked 
| 226|0x000000008e200000, 0x000000008e200000, 0x000000008e300000|  0%| F|  |TAMS 0x000000008e200000, 0x000000008e200000| Untracked 
| 227|0x000000008e300000, 0x000000008e300000, 0x000000008e400000|  0%| F|  |TAMS 0x000000008e300000, 0x000000008e300000| Untracked 
| 228|0x000000008e400000, 0x000000008e400000, 0x000000008e500000|  0%| F|  |TAMS 0x000000008e400000, 0x000000008e400000| Untracked 
| 229|0x000000008e500000, 0x000000008e500000, 0x000000008e600000|  0%| F|  |TAMS 0x000000008e500000, 0x000000008e500000| Untracked 
| 230|0x000000008e600000, 0x000000008e600000, 0x000000008e700000|  0%| F|  |TAMS 0x000000008e600000, 0x000000008e600000| Untracked 
| 231|0x000000008e700000, 0x000000008e700000, 0x000000008e800000|  0%| F|  |TAMS 0x000000008e700000, 0x000000008e700000| Untracked 
| 232|0x000000008e800000, 0x000000008e800000, 0x000000008e900000|  0%| F|  |TAMS 0x000000008e800000, 0x000000008e800000| Untracked 
| 233|0x000000008e900000, 0x000000008e900000, 0x000000008ea00000|  0%| F|  |TAMS 0x000000008e900000, 0x000000008e900000| Untracked 
| 234|0x000000008ea00000, 0x000000008ea00000, 0x000000008eb00000|  0%| F|  |TAMS 0x000000008ea00000, 0x000000008ea00000| Untracked 
| 235|0x000000008eb00000, 0x000000008eb00000, 0x000000008ec00000|  0%| F|  |TAMS 0x000000008eb00000, 0x000000008eb00000| Untracked 
| 236|0x000000008ec00000, 0x000000008ec00000, 0x000000008ed00000|  0%| F|  |TAMS 0x000000008ec00000, 0x000000008ec00000| Untracked 
| 237|0x000000008ed00000, 0x000000008ed00000, 0x000000008ee00000|  0%| F|  |TAMS 0x000000008ed00000, 0x000000008ed00000| Untracked 
| 238|0x000000008ee00000, 0x000000008ee00000, 0x000000008ef00000|  0%| F|  |TAMS 0x000000008ee00000, 0x000000008ee00000| Untracked 
| 239|0x000000008ef00000, 0x000000008ef00000, 0x000000008f000000|  0%| F|  |TAMS 0x000000008ef00000, 0x000000008ef00000| Untracked 
| 240|0x000000008f000000, 0x000000008f000000, 0x000000008f100000|  0%| F|  |TAMS 0x000000008f000000, 0x000000008f000000| Untracked 
| 241|0x000000008f100000, 0x000000008f100000, 0x000000008f200000|  0%| F|  |TAMS 0x000000008f100000, 0x000000008f100000| Untracked 
| 242|0x000000008f200000, 0x000000008f200000, 0x000000008f300000|  0%| F|  |TAMS 0x000000008f200000, 0x000000008f200000| Untracked 
| 243|0x000000008f300000, 0x000000008f300000, 0x000000008f400000|  0%| F|  |TAMS 0x000000008f300000, 0x000000008f300000| Untracked 
| 244|0x000000008f400000, 0x000000008f400000, 0x000000008f500000|  0%| F|  |TAMS 0x000000008f400000, 0x000000008f400000| Untracked 
| 245|0x000000008f500000, 0x000000008f500000, 0x000000008f600000|  0%| F|  |TAMS 0x000000008f500000, 0x000000008f500000| Untracked 
| 246|0x000000008f600000, 0x000000008f600000, 0x000000008f700000|  0%| F|  |TAMS 0x000000008f600000, 0x000000008f600000| Untracked 
| 247|0x000000008f700000, 0x000000008f700000, 0x000000008f800000|  0%| F|  |TAMS 0x000000008f700000, 0x000000008f700000| Untracked 
| 248|0x000000008f800000, 0x000000008f800000, 0x000000008f900000|  0%| F|  |TAMS 0x000000008f800000, 0x000000008f800000| Untracked 
| 249|0x000000008f900000, 0x000000008f900000, 0x000000008fa00000|  0%| F|  |TAMS 0x000000008f900000, 0x000000008f900000| Untracked 
| 250|0x000000008fa00000, 0x000000008fa00000, 0x000000008fb00000|  0%| F|  |TAMS 0x000000008fa00000, 0x000000008fa00000| Untracked 
| 251|0x000000008fb00000, 0x000000008fb00000, 0x000000008fc00000|  0%| F|  |TAMS 0x000000008fb00000, 0x000000008fb00000| Untracked 
| 252|0x000000008fc00000, 0x000000008fc00000, 0x000000008fd00000|  0%| F|  |TAMS 0x000000008fc00000, 0x000000008fc00000| Untracked 
| 253|0x000000008fd00000, 0x000000008fd00000, 0x000000008fe00000|  0%| F|  |TAMS 0x000000008fd00000, 0x000000008fd00000| Untracked 
| 254|0x000000008fe00000, 0x000000008fe00000, 0x000000008ff00000|  0%| F|  |TAMS 0x000000008fe00000, 0x000000008fe00000| Untracked 
| 255|0x000000008ff00000, 0x000000008ff00000, 0x0000000090000000|  0%| F|  |TAMS 0x000000008ff00000, 0x000000008ff00000| Untracked 
| 256|0x0000000090000000, 0x0000000090000000, 0x0000000090100000|  0%| F|  |TAMS 0x0000000090000000, 0x0000000090000000| Untracked 
| 257|0x0000000090100000, 0x0000000090100000, 0x0000000090200000|  0%| F|  |TAMS 0x0000000090100000, 0x0000000090100000| Untracked 
| 258|0x0000000090200000, 0x0000000090200000, 0x0000000090300000|  0%| F|  |TAMS 0x0000000090200000, 0x0000000090200000| Untracked 
| 259|0x0000000090300000, 0x0000000090300000, 0x0000000090400000|  0%| F|  |TAMS 0x0000000090300000, 0x0000000090300000| Untracked 
| 260|0x0000000090400000, 0x0000000090400000, 0x0000000090500000|  0%| F|  |TAMS 0x0000000090400000, 0x0000000090400000| Untracked 
| 261|0x0000000090500000, 0x0000000090500000, 0x0000000090600000|  0%| F|  |TAMS 0x0000000090500000, 0x0000000090500000| Untracked 
| 262|0x0000000090600000, 0x0000000090600000, 0x0000000090700000|  0%| F|  |TAMS 0x0000000090600000, 0x0000000090600000| Untracked 
| 263|0x0000000090700000, 0x0000000090700000, 0x0000000090800000|  0%| F|  |TAMS 0x0000000090700000, 0x0000000090700000| Untracked 
| 264|0x0000000090800000, 0x0000000090800000, 0x0000000090900000|  0%| F|  |TAMS 0x0000000090800000, 0x0000000090800000| Untracked 
| 265|0x0000000090900000, 0x0000000090900000, 0x0000000090a00000|  0%| F|  |TAMS 0x0000000090900000, 0x0000000090900000| Untracked 
| 266|0x0000000090a00000, 0x0000000090a00000, 0x0000000090b00000|  0%| F|  |TAMS 0x0000000090a00000, 0x0000000090a00000| Untracked 
| 267|0x0000000090b00000, 0x0000000090b00000, 0x0000000090c00000|  0%| F|  |TAMS 0x0000000090b00000, 0x0000000090b00000| Untracked 
| 268|0x0000000090c00000, 0x0000000090c00000, 0x0000000090d00000|  0%| F|  |TAMS 0x0000000090c00000, 0x0000000090c00000| Untracked 
| 269|0x0000000090d00000, 0x0000000090d00000, 0x0000000090e00000|  0%| F|  |TAMS 0x0000000090d00000, 0x0000000090d00000| Untracked 
| 270|0x0000000090e00000, 0x0000000090e00000, 0x0000000090f00000|  0%| F|  |TAMS 0x0000000090e00000, 0x0000000090e00000| Untracked 
| 271|0x0000000090f00000, 0x0000000090f00000, 0x0000000091000000|  0%| F|  |TAMS 0x0000000090f00000, 0x0000000090f00000| Untracked 
| 272|0x0000000091000000, 0x0000000091000000, 0x0000000091100000|  0%| F|  |TAMS 0x0000000091000000, 0x0000000091000000| Untracked 
| 273|0x0000000091100000, 0x0000000091100000, 0x0000000091200000|  0%| F|  |TAMS 0x0000000091100000, 0x0000000091100000| Untracked 
| 274|0x0000000091200000, 0x0000000091200000, 0x0000000091300000|  0%| F|  |TAMS 0x0000000091200000, 0x0000000091200000| Untracked 
| 275|0x0000000091300000, 0x0000000091300000, 0x0000000091400000|  0%| F|  |TAMS 0x0000000091300000, 0x0000000091300000| Untracked 
| 276|0x0000000091400000, 0x0000000091400000, 0x0000000091500000|  0%| F|  |TAMS 0x0000000091400000, 0x0000000091400000| Untracked 
| 277|0x0000000091500000, 0x0000000091500000, 0x0000000091600000|  0%| F|  |TAMS 0x0000000091500000, 0x0000000091500000| Untracked 
| 278|0x0000000091600000, 0x0000000091600000, 0x0000000091700000|  0%| F|  |TAMS 0x0000000091600000, 0x0000000091600000| Untracked 
| 279|0x0000000091700000, 0x0000000091700000, 0x0000000091800000|  0%| F|  |TAMS 0x0000000091700000, 0x0000000091700000| Untracked 
| 280|0x0000000091800000, 0x0000000091800000, 0x0000000091900000|  0%| F|  |TAMS 0x0000000091800000, 0x0000000091800000| Untracked 
| 281|0x0000000091900000, 0x0000000091900000, 0x0000000091a00000|  0%| F|  |TAMS 0x0000000091900000, 0x0000000091900000| Untracked 
| 282|0x0000000091a00000, 0x0000000091a00000, 0x0000000091b00000|  0%| F|  |TAMS 0x0000000091a00000, 0x0000000091a00000| Untracked 
| 283|0x0000000091b00000, 0x0000000091b00000, 0x0000000091c00000|  0%| F|  |TAMS 0x0000000091b00000, 0x0000000091b00000| Untracked 
| 284|0x0000000091c00000, 0x0000000091c00000, 0x0000000091d00000|  0%| F|  |TAMS 0x0000000091c00000, 0x0000000091c00000| Untracked 
| 285|0x0000000091d00000, 0x0000000091d00000, 0x0000000091e00000|  0%| F|  |TAMS 0x0000000091d00000, 0x0000000091d00000| Untracked 
| 286|0x0000000091e00000, 0x0000000091e00000, 0x0000000091f00000|  0%| F|  |TAMS 0x0000000091e00000, 0x0000000091e00000| Untracked 
| 287|0x0000000091f00000, 0x0000000091f00000, 0x0000000092000000|  0%| F|  |TAMS 0x0000000091f00000, 0x0000000091f00000| Untracked 
| 288|0x0000000092000000, 0x0000000092000000, 0x0000000092100000|  0%| F|  |TAMS 0x0000000092000000, 0x0000000092000000| Untracked 
| 289|0x0000000092100000, 0x0000000092100000, 0x0000000092200000|  0%| F|  |TAMS 0x0000000092100000, 0x0000000092100000| Untracked 
| 290|0x0000000092200000, 0x0000000092200000, 0x0000000092300000|  0%| F|  |TAMS 0x0000000092200000, 0x0000000092200000| Untracked 
| 291|0x0000000092300000, 0x0000000092300000, 0x0000000092400000|  0%| F|  |TAMS 0x0000000092300000, 0x0000000092300000| Untracked 
| 292|0x0000000092400000, 0x0000000092400000, 0x0000000092500000|  0%| F|  |TAMS 0x0000000092400000, 0x0000000092400000| Untracked 
| 293|0x0000000092500000, 0x0000000092500000, 0x0000000092600000|  0%| F|  |TAMS 0x0000000092500000, 0x0000000092500000| Untracked 
| 294|0x0000000092600000, 0x0000000092600000, 0x0000000092700000|  0%| F|  |TAMS 0x0000000092600000, 0x0000000092600000| Untracked 
| 295|0x0000000092700000, 0x0000000092700000, 0x0000000092800000|  0%| F|  |TAMS 0x0000000092700000, 0x0000000092700000| Untracked 
| 296|0x0000000092800000, 0x0000000092800000, 0x0000000092900000|  0%| F|  |TAMS 0x0000000092800000, 0x0000000092800000| Untracked 
| 297|0x0000000092900000, 0x0000000092900000, 0x0000000092a00000|  0%| F|  |TAMS 0x0000000092900000, 0x0000000092900000| Untracked 
| 298|0x0000000092a00000, 0x0000000092a00000, 0x0000000092b00000|  0%| F|  |TAMS 0x0000000092a00000, 0x0000000092a00000| Untracked 
| 299|0x0000000092b00000, 0x0000000092b00000, 0x0000000092c00000|  0%| F|  |TAMS 0x0000000092b00000, 0x0000000092b00000| Untracked 
| 300|0x0000000092c00000, 0x0000000092c00000, 0x0000000092d00000|  0%| F|  |TAMS 0x0000000092c00000, 0x0000000092c00000| Untracked 
| 301|0x0000000092d00000, 0x0000000092d00000, 0x0000000092e00000|  0%| F|  |TAMS 0x0000000092d00000, 0x0000000092d00000| Untracked 
| 302|0x0000000092e00000, 0x0000000092e00000, 0x0000000092f00000|  0%| F|  |TAMS 0x0000000092e00000, 0x0000000092e00000| Untracked 
| 303|0x0000000092f00000, 0x0000000092f00000, 0x0000000093000000|  0%| F|  |TAMS 0x0000000092f00000, 0x0000000092f00000| Untracked 
| 304|0x0000000093000000, 0x0000000093000000, 0x0000000093100000|  0%| F|  |TAMS 0x0000000093000000, 0x0000000093000000| Untracked 
| 305|0x0000000093100000, 0x0000000093100000, 0x0000000093200000|  0%| F|  |TAMS 0x0000000093100000, 0x0000000093100000| Untracked 
| 306|0x0000000093200000, 0x0000000093200000, 0x0000000093300000|  0%| F|  |TAMS 0x0000000093200000, 0x0000000093200000| Untracked 
| 307|0x0000000093300000, 0x0000000093300000, 0x0000000093400000|  0%| F|  |TAMS 0x0000000093300000, 0x0000000093300000| Untracked 
| 308|0x0000000093400000, 0x0000000093400000, 0x0000000093500000|  0%| F|  |TAMS 0x0000000093400000, 0x0000000093400000| Untracked 
| 309|0x0000000093500000, 0x0000000093500000, 0x0000000093600000|  0%| F|  |TAMS 0x0000000093500000, 0x0000000093500000| Untracked 
| 310|0x0000000093600000, 0x0000000093600000, 0x0000000093700000|  0%| F|  |TAMS 0x0000000093600000, 0x0000000093600000| Untracked 
| 311|0x0000000093700000, 0x0000000093700000, 0x0000000093800000|  0%| F|  |TAMS 0x0000000093700000, 0x0000000093700000| Untracked 
| 312|0x0000000093800000, 0x0000000093800000, 0x0000000093900000|  0%| F|  |TAMS 0x0000000093800000, 0x0000000093800000| Untracked 
| 313|0x0000000093900000, 0x0000000093900000, 0x0000000093a00000|  0%| F|  |TAMS 0x0000000093900000, 0x0000000093900000| Untracked 
| 314|0x0000000093a00000, 0x0000000093a00000, 0x0000000093b00000|  0%| F|  |TAMS 0x0000000093a00000, 0x0000000093a00000| Untracked 
| 315|0x0000000093b00000, 0x0000000093b00000, 0x0000000093c00000|  0%| F|  |TAMS 0x0000000093b00000, 0x0000000093b00000| Untracked 
| 316|0x0000000093c00000, 0x0000000093c37200, 0x0000000093d00000| 21%| S|CS|TAMS 0x0000000093c00000, 0x0000000093c00000| Complete 
| 317|0x0000000093d00000, 0x0000000093e00000, 0x0000000093e00000|100%| S|CS|TAMS 0x0000000093d00000, 0x0000000093d00000| Complete 
| 318|0x0000000093e00000, 0x0000000093e00000, 0x0000000093f00000|  0%| F|  |TAMS 0x0000000093e00000, 0x0000000093e00000| Untracked 
| 319|0x0000000093f00000, 0x0000000093f00000, 0x0000000094000000|  0%| F|  |TAMS 0x0000000093f00000, 0x0000000093f00000| Untracked 
| 320|0x0000000094000000, 0x0000000094000000, 0x0000000094100000|  0%| F|  |TAMS 0x0000000094000000, 0x0000000094000000| Untracked 
| 321|0x0000000094100000, 0x0000000094100000, 0x0000000094200000|  0%| F|  |TAMS 0x0000000094100000, 0x0000000094100000| Untracked 
| 322|0x0000000094200000, 0x0000000094200000, 0x0000000094300000|  0%| F|  |TAMS 0x0000000094200000, 0x0000000094200000| Untracked 
| 323|0x0000000094300000, 0x0000000094300000, 0x0000000094400000|  0%| F|  |TAMS 0x0000000094300000, 0x0000000094300000| Untracked 
| 324|0x0000000094400000, 0x0000000094400000, 0x0000000094500000|  0%| F|  |TAMS 0x0000000094400000, 0x0000000094400000| Untracked 
| 325|0x0000000094500000, 0x0000000094500000, 0x0000000094600000|  0%| F|  |TAMS 0x0000000094500000, 0x0000000094500000| Untracked 
| 326|0x0000000094600000, 0x0000000094600000, 0x0000000094700000|  0%| F|  |TAMS 0x0000000094600000, 0x0000000094600000| Untracked 
| 327|0x0000000094700000, 0x0000000094700000, 0x0000000094800000|  0%| F|  |TAMS 0x0000000094700000, 0x0000000094700000| Untracked 
| 328|0x0000000094800000, 0x0000000094800000, 0x0000000094900000|  0%| F|  |TAMS 0x0000000094800000, 0x0000000094800000| Untracked 
| 329|0x0000000094900000, 0x0000000094900000, 0x0000000094a00000|  0%| F|  |TAMS 0x0000000094900000, 0x0000000094900000| Untracked 

Card table byte_map: [0x0000015ee7620000,0x0000015ee7a20000] _byte_map_base: 0x0000015ee7220000

Marking Bits (Prev, Next): (CMBitMap*) 0x0000015ed24e1840, (CMBitMap*) 0x0000015ed24e1808
 Prev Bits: [0x0000015ee9e20000, 0x0000015eebe20000)
 Next Bits: [0x0000015ee7e20000, 0x0000015ee9e20000)

Polling page: 0x0000015ed2580000

Metaspace:

Usage:
  Non-class:    127.07 MB capacity,   124.11 MB ( 98%) used,     2.43 MB (  2%) free+waste,   551.13 KB ( <1%) overhead. 
      Class:     18.90 MB capacity,    17.15 MB ( 91%) used,     1.51 MB (  8%) free+waste,   238.56 KB (  1%) overhead. 
       Both:    145.97 MB capacity,   141.26 MB ( 97%) used,     3.94 MB (  3%) free+waste,   789.69 KB ( <1%) overhead. 

Virtual space:
  Non-class space:      128.00 MB reserved,     127.25 MB (>99%) committed 
      Class space:        1.00 GB reserved,      19.25 MB (  2%) committed 
             Both:        1.13 GB reserved,     146.50 MB ( 13%) committed 

Chunk freelists:
   Non-Class:  182.00 KB
       Class:  290.00 KB
        Both:  472.00 KB

MaxMetaspaceSize: 17179869184.00 GB
CompressedClassSpaceSize: 1.00 GB

CodeHeap 'non-profiled nmethods': size=120000Kb used=23834Kb max_used=23834Kb free=96166Kb
 bounds [0x0000015edf270000, 0x0000015ee09c0000, 0x0000015ee67a0000]
CodeHeap 'profiled nmethods': size=120000Kb used=65113Kb max_used=65113Kb free=54886Kb
 bounds [0x0000015ed7d40000, 0x0000015edbd20000, 0x0000015edf270000]
CodeHeap 'non-nmethods': size=5760Kb used=2389Kb max_used=2472Kb free=3370Kb
 bounds [0x0000015ed77a0000, 0x0000015ed7a10000, 0x0000015ed7d40000]
 total_blobs=30047 nmethods=29036 adapters=920
 compilation: enabled
              stopped_count=0, restarted_count=0
 full_count=0

Compilation events (20 events):
Event: 7626.046 Thread 0x0000015eef1ec800 35766       1       com.android.tools.r8.internal.mF::Y1 (4 bytes)
Event: 7626.046 Thread 0x0000015eef1ec800 nmethod 35766 0x0000015ee09bcf90 code [0x0000015ee09bd140, 0x0000015ee09bd1f8]
Event: 7626.058 Thread 0x0000015eef1ec800 35768       2       com.android.tools.r8.code.O0::<init> (72 bytes)
Event: 7626.058 Thread 0x0000015eef1ec800 nmethod 35768 0x0000015edbd13990 code [0x0000015edbd13b40, 0x0000015edbd13c58]
Event: 7626.061 Thread 0x0000015eef1ec800 35769       2       com.android.tools.r8.ir.regalloc.e::f (137 bytes)
Event: 7626.062 Thread 0x0000015eef1ec800 nmethod 35769 0x0000015edbd13d10 code [0x0000015edbd13f20, 0x0000015edbd142c8]
Event: 7626.065 Thread 0x0000015eef1ec800 35771       2       com.android.tools.r8.internal.k5$$Lambda$2436/0x00000001012f5c40::test (16 bytes)
Event: 7626.065 Thread 0x0000015eef1ec800 nmethod 35771 0x0000015edbd14590 code [0x0000015edbd14760, 0x0000015edbd14988]
Event: 7626.072 Thread 0x0000015eef1ec800 35773       2       com.android.tools.r8.ir.regalloc.a::a (157 bytes)
Event: 7626.073 Thread 0x0000015eef1ec800 nmethod 35773 0x0000015edbd14b10 code [0x0000015edbd14d60, 0x0000015edbd15388]
Event: 7626.073 Thread 0x0000015eef1ec800 35774       2       com.android.tools.r8.ir.regalloc.e$$Lambda$2425/0x00000001012f0840::apply (8 bytes)
Event: 7626.073 Thread 0x0000015eef1ec800 nmethod 35774 0x0000015edbd15810 code [0x0000015edbd15a00, 0x0000015edbd15c88]
Event: 7626.073 Thread 0x0000015eef1ec800 35775       2       com.android.tools.r8.ir.regalloc.e::f (8 bytes)
Event: 7626.074 Thread 0x0000015eef1ec800 nmethod 35775 0x0000015edbd15e10 code [0x0000015edbd16000, 0x0000015edbd16248]
Event: 7626.074 Thread 0x0000015eef1ec800 35776       2       java.util.stream.SliceOps$1$1::cancellationRequested (27 bytes)
Event: 7626.074 Thread 0x0000015eef1ec800 nmethod 35776 0x0000015edbd16390 code [0x0000015edbd16540, 0x0000015edbd166a8]
Event: 7626.074 Thread 0x0000015eef1ec800 35777       2       java.util.stream.SliceOps$1$1::accept (52 bytes)
Event: 7626.075 Thread 0x0000015eef1ec800 nmethod 35777 0x0000015edbd16790 code [0x0000015edbd16940, 0x0000015edbd16ac8]
Event: 7626.075 Thread 0x0000015eef1ec800 35778       2       com.android.tools.r8.internal.hu$d::getKey (13 bytes)
Event: 7626.075 Thread 0x0000015eef1ec800 nmethod 35778 0x0000015edbd16b90 code [0x0000015edbd16d40, 0x0000015edbd16e78]

GC Heap History (20 events):
Event: 7623.960 GC heap after
{Heap after GC invocations=107 (full 0):
 garbage-first heap   total 337920K, used 118842K [0x0000000080000000, 0x0000000100000000)
  region size 1024K, 2 young (2048K), 2 survivors (2048K)
 Metaspace       used 143480K, capacity 148149K, committed 148992K, reserved 1179648K
  class space    used 17516K, capacity 19246K, committed 19712K, reserved 1048576K
}
Event: 7624.453 GC heap before
{Heap before GC invocations=107 (full 0):
 garbage-first heap   total 337920K, used 264250K [0x0000000080000000, 0x0000000100000000)
  region size 1024K, 145 young (148480K), 2 survivors (2048K)
 Metaspace       used 143869K, capacity 148674K, committed 149504K, reserved 1179648K
  class space    used 17546K, capacity 19333K, committed 19712K, reserved 1048576K
}
Event: 7624.469 GC heap after
{Heap after GC invocations=108 (full 0):
 garbage-first heap   total 337920K, used 133941K [0x0000000080000000, 0x0000000100000000)
  region size 1024K, 16 young (16384K), 16 survivors (16384K)
 Metaspace       used 143869K, capacity 148674K, committed 149504K, reserved 1179648K
  class space    used 17546K, capacity 19333K, committed 19712K, reserved 1048576K
}
Event: 7624.831 GC heap before
{Heap before GC invocations=109 (full 0):
 garbage-first heap   total 337920K, used 266037K [0x0000000080000000, 0x0000000100000000)
  region size 1024K, 146 young (149504K), 16 survivors (16384K)
 Metaspace       used 144024K, capacity 148823K, committed 149504K, reserved 1179648K
  class space    used 17550K, capacity 19338K, committed 19712K, reserved 1048576K
}
Event: 7624.846 GC heap after
{Heap after GC invocations=110 (full 0):
 garbage-first heap   total 337920K, used 145968K [0x0000000080000000, 0x0000000100000000)
  region size 1024K, 19 young (19456K), 19 survivors (19456K)
 Metaspace       used 144024K, capacity 148823K, committed 149504K, reserved 1179648K
  class space    used 17550K, capacity 19338K, committed 19712K, reserved 1048576K
}
Event: 7624.848 GC heap before
{Heap before GC invocations=110 (full 0):
 garbage-first heap   total 337920K, used 146992K [0x0000000080000000, 0x0000000100000000)
  region size 1024K, 20 young (20480K), 19 survivors (19456K)
 Metaspace       used 144024K, capacity 148823K, committed 149504K, reserved 1179648K
  class space    used 17550K, capacity 19338K, committed 19712K, reserved 1048576K
}
Event: 7624.858 GC heap after
{Heap after GC invocations=111 (full 0):
 garbage-first heap   total 337920K, used 143209K [0x0000000080000000, 0x0000000100000000)
  region size 1024K, 3 young (3072K), 3 survivors (3072K)
 Metaspace       used 144024K, capacity 148823K, committed 149504K, reserved 1179648K
  class space    used 17550K, capacity 19338K, committed 19712K, reserved 1048576K
}
Event: 7625.070 GC heap before
{Heap before GC invocations=111 (full 0):
 garbage-first heap   total 337920K, used 263017K [0x0000000080000000, 0x0000000100000000)
  region size 1024K, 121 young (123904K), 3 survivors (3072K)
 Metaspace       used 144097K, capacity 148902K, committed 149504K, reserved 1179648K
  class space    used 17554K, capacity 19342K, committed 19712K, reserved 1048576K
}
Event: 7625.099 GC heap after
{Heap after GC invocations=112 (full 0):
 garbage-first heap   total 337920K, used 159391K [0x0000000080000000, 0x0000000100000000)
  region size 1024K, 16 young (16384K), 16 survivors (16384K)
 Metaspace       used 144097K, capacity 148902K, committed 149504K, reserved 1179648K
  class space    used 17554K, capacity 19342K, committed 19712K, reserved 1048576K
}
Event: 7625.403 GC heap before
{Heap before GC invocations=113 (full 0):
 garbage-first heap   total 337920K, used 268959K [0x0000000080000000, 0x0000000100000000)
  region size 1024K, 121 young (123904K), 16 survivors (16384K)
 Metaspace       used 144202K, capacity 149007K, committed 149760K, reserved 1179648K
  class space    used 17553K, capacity 19333K, committed 19712K, reserved 1048576K
}
Event: 7625.423 GC heap after
{Heap after GC invocations=114 (full 0):
 garbage-first heap   total 337920K, used 170968K [0x0000000080000000, 0x0000000100000000)
  region size 1024K, 13 young (13312K), 13 survivors (13312K)
 Metaspace       used 144202K, capacity 149007K, committed 149760K, reserved 1179648K
  class space    used 17553K, capacity 19333K, committed 19712K, reserved 1048576K
}
Event: 7625.427 GC heap before
{Heap before GC invocations=114 (full 0):
 garbage-first heap   total 337920K, used 174040K [0x0000000080000000, 0x0000000100000000)
  region size 1024K, 16 young (16384K), 13 survivors (13312K)
 Metaspace       used 144202K, capacity 149007K, committed 149760K, reserved 1179648K
  class space    used 17553K, capacity 19333K, committed 19712K, reserved 1048576K
}
Event: 7625.443 GC heap after
{Heap after GC invocations=115 (full 0):
 garbage-first heap   total 337920K, used 170853K [0x0000000080000000, 0x0000000100000000)
  region size 1024K, 2 young (2048K), 2 survivors (2048K)
 Metaspace       used 144202K, capacity 149007K, committed 149760K, reserved 1179648K
  class space    used 17553K, capacity 19333K, committed 19712K, reserved 1048576K
}
Event: 7625.569 GC heap before
{Heap before GC invocations=115 (full 0):
 garbage-first heap   total 337920K, used 269157K [0x0000000080000000, 0x0000000100000000)
  region size 1024K, 98 young (100352K), 2 survivors (2048K)
 Metaspace       used 144318K, capacity 149117K, committed 149760K, reserved 1179648K
  class space    used 17558K, capacity 19342K, committed 19712K, reserved 1048576K
}
Event: 7625.582 GC heap after
{Heap after GC invocations=116 (full 0):
 garbage-first heap   total 337920K, used 175823K [0x0000000080000000, 0x0000000100000000)
  region size 1024K, 7 young (7168K), 7 survivors (7168K)
 Metaspace       used 144318K, capacity 149117K, committed 149760K, reserved 1179648K
  class space    used 17558K, capacity 19342K, committed 19712K, reserved 1048576K
}
Event: 7625.875 GC heap before
{Heap before GC invocations=116 (full 0):
 garbage-first heap   total 337920K, used 273103K [0x0000000080000000, 0x0000000100000000)
  region size 1024K, 102 young (104448K), 7 survivors (7168K)
 Metaspace       used 144591K, capacity 149463K, committed 150016K, reserved 1179648K
  class space    used 17561K, capacity 19347K, committed 19712K, reserved 1048576K
}
Event: 7625.885 GC heap after
{Heap after GC invocations=117 (full 0):
 garbage-first heap   total 337920K, used 178351K [0x0000000080000000, 0x0000000100000000)
  region size 1024K, 9 young (9216K), 9 survivors (9216K)
 Metaspace       used 144591K, capacity 149463K, committed 150016K, reserved 1179648K
  class space    used 17561K, capacity 19347K, committed 19712K, reserved 1048576K
}
Event: 7626.048 GC heap before
{Heap before GC invocations=118 (full 0):
 garbage-first heap   total 337920K, used 277679K [0x0000000080000000, 0x0000000100000000)
  region size 1024K, 106 young (108544K), 9 survivors (9216K)
 Metaspace       used 144643K, capacity 149471K, committed 150016K, reserved 1179648K
  class space    used 17562K, capacity 19349K, committed 19712K, reserved 1048576K
}
Event: 7626.055 GC heap after
{Heap after GC invocations=119 (full 0):
 garbage-first heap   total 337920K, used 178946K [0x0000000080000000, 0x0000000100000000)
  region size 1024K, 4 young (4096K), 4 survivors (4096K)
 Metaspace       used 144643K, capacity 149471K, committed 150016K, reserved 1179648K
  class space    used 17562K, capacity 19349K, committed 19712K, reserved 1048576K
}
Event: 7626.077 GC heap before
{Heap before GC invocations=119 (full 0):
 garbage-first heap   total 337920K, used 191234K [0x0000000080000000, 0x0000000100000000)
  region size 1024K, 16 young (16384K), 4 survivors (4096K)
 Metaspace       used 144646K, capacity 149471K, committed 150016K, reserved 1179648K
  class space    used 17562K, capacity 19349K, committed 19712K, reserved 1048576K
}

Deoptimization events (20 events):
Event: 7625.928 Thread 0x0000015efa6b1800 Uncommon trap: trap_request=0xffffffc6 fr.pc=0x0000015ee09aaa28 relative=0x0000000000000128
Event: 7625.928 Thread 0x0000015efa6b1800 Uncommon trap: reason=bimorphic_or_optimized_type_check action=maybe_recompile pc=0x0000015ee09aaa28 method=java.util.Comparator.lambda$comparingInt$7b0bb60$1(Ljava/util/function/ToIntFunction;Ljava/lang/Object;Ljava/lang/Object;)I @ 2 c2
Event: 7625.928 Thread 0x0000015efa6b1800 DEOPT PACKING pc=0x0000015ee09aaa28 sp=0x0000003f199fa2e0
Event: 7625.928 Thread 0x0000015efa6b1800 DEOPT UNPACKING pc=0x0000015ed77c78af sp=0x0000003f199fa200 mode 2
Event: 7625.935 Thread 0x0000015ef1900000 DEOPT PACKING pc=0x0000015edbc4bab0 sp=0x0000003f19efa180
Event: 7625.935 Thread 0x0000015ef1900000 DEOPT UNPACKING pc=0x0000015ed77c76ce sp=0x0000003f19ef9710 mode 0
Event: 7625.962 Thread 0x0000015efa6b0800 DEOPT PACKING pc=0x0000015edabcfcbc sp=0x0000003f198fa1c0
Event: 7625.962 Thread 0x0000015efa6b0800 DEOPT UNPACKING pc=0x0000015ed77c76ce sp=0x0000003f198f98c0 mode 0
Event: 7626.003 Thread 0x0000015ef1900000 DEOPT PACKING pc=0x0000015edb5e574e sp=0x0000003f19efa390
Event: 7626.003 Thread 0x0000015ef1900000 DEOPT UNPACKING pc=0x0000015ed77c76ce sp=0x0000003f19ef98b0 mode 0
Event: 7626.013 Thread 0x0000015ef1900000 DEOPT PACKING pc=0x0000015edbc4bab0 sp=0x0000003f19efa180
Event: 7626.013 Thread 0x0000015ef1900000 DEOPT UNPACKING pc=0x0000015ed77c76ce sp=0x0000003f19ef9710 mode 0
Event: 7626.035 Thread 0x0000015efa6b0800 DEOPT PACKING pc=0x0000015edb5e741b sp=0x0000003f198fa2d0
Event: 7626.035 Thread 0x0000015efa6b0800 DEOPT UNPACKING pc=0x0000015ed77c76ce sp=0x0000003f198f98a0 mode 0
Event: 7626.046 Thread 0x0000015ef1903800 DEOPT PACKING pc=0x0000015edb77db76 sp=0x0000003f19af9c50
Event: 7626.046 Thread 0x0000015ef1903800 DEOPT UNPACKING pc=0x0000015ed77c76ce sp=0x0000003f19af92c0 mode 0
Event: 7626.061 Thread 0x0000015ef1900000 Uncommon trap: trap_request=0xffffffde fr.pc=0x0000015ee09839d0 relative=0x0000000000000ab0
Event: 7626.061 Thread 0x0000015ef1900000 Uncommon trap: reason=class_check action=maybe_recompile pc=0x0000015ee09839d0 method=com.android.tools.r8.internal.XF.a(Lcom/android/tools/r8/internal/QG;Lcom/android/tools/r8/internal/dG;)V @ 184 c2
Event: 7626.061 Thread 0x0000015ef1900000 DEOPT PACKING pc=0x0000015ee09839d0 sp=0x0000003f19ef9cf0
Event: 7626.061 Thread 0x0000015ef1900000 DEOPT UNPACKING pc=0x0000015ed77c78af sp=0x0000003f19ef9cc8 mode 2

Classes redefined (0 events):
No events

Internal exceptions (20 events):
Event: 7623.976 Thread 0x0000015efa6a3800 Exception <a 'sun/nio/fs/WindowsException'{0x000000009495e168}> (0x000000009495e168) thrown at [./src/hotspot/share/prims/jni.cpp, line 615]
Event: 7623.976 Thread 0x0000015efa6a3800 Exception <a 'sun/nio/fs/WindowsException'{0x000000009495f808}> (0x000000009495f808) thrown at [./src/hotspot/share/prims/jni.cpp, line 615]
Event: 7623.976 Thread 0x0000015efa6a3800 Exception <a 'sun/nio/fs/WindowsException'{0x000000009495fae8}> (0x000000009495fae8) thrown at [./src/hotspot/share/prims/jni.cpp, line 615]
Event: 7623.976 Thread 0x0000015efa6a3800 Exception <a 'sun/nio/fs/WindowsException'{0x0000000094961178}> (0x0000000094961178) thrown at [./src/hotspot/share/prims/jni.cpp, line 615]
Event: 7624.302 Thread 0x0000015efa6a3800 Exception <a 'sun/nio/fs/WindowsException'{0x000000008f7a1ac0}> (0x000000008f7a1ac0) thrown at [./src/hotspot/share/prims/jni.cpp, line 615]
Event: 7624.302 Thread 0x0000015efa6a3800 Exception <a 'sun/nio/fs/WindowsException'{0x000000008f7a3150}> (0x000000008f7a3150) thrown at [./src/hotspot/share/prims/jni.cpp, line 615]
Event: 7624.304 Thread 0x0000015ef2a66000 Exception <a 'sun/nio/fs/WindowsException'{0x0000000092339940}> (0x0000000092339940) thrown at [./src/hotspot/share/prims/jni.cpp, line 615]
Event: 7624.304 Thread 0x0000015ef2a66000 Exception <a 'sun/nio/fs/WindowsException'{0x0000000092339c58}> (0x0000000092339c58) thrown at [./src/hotspot/share/prims/jni.cpp, line 615]
Event: 7624.359 Thread 0x0000015ef18ff000 Exception <a 'sun/nio/fs/WindowsException'{0x000000008ea7b2e0}> (0x000000008ea7b2e0) thrown at [./src/hotspot/share/prims/jni.cpp, line 615]
Event: 7624.370 Thread 0x0000015efa6b0800 Exception <a 'sun/nio/fs/WindowsException'{0x000000008e7521b0}> (0x000000008e7521b0) thrown at [./src/hotspot/share/prims/jni.cpp, line 615]
Event: 7624.396 Thread 0x0000015efa6b1800 Exception <a 'sun/nio/fs/WindowsException'{0x000000008d6ffa18}> (0x000000008d6ffa18) thrown at [./src/hotspot/share/prims/jni.cpp, line 615]
Event: 7624.414 Thread 0x0000015ef1900000 Exception <a 'sun/nio/fs/WindowsException'{0x000000008cbc2d00}> (0x000000008cbc2d00) thrown at [./src/hotspot/share/prims/jni.cpp, line 615]
Event: 7624.425 Thread 0x0000015ef18ff000 Implicit null exception at 0x0000015ee07e3c20 to 0x0000015ee07e3ee8
Event: 7624.892 Thread 0x0000015ef18ff000 Exception <a 'sun/nio/fs/WindowsException'{0x00000000932df480}> (0x00000000932df480) thrown at [./src/hotspot/share/prims/jni.cpp, line 615]
Event: 7624.915 Thread 0x0000015ef1903800 Exception <a 'sun/nio/fs/WindowsException'{0x00000000926aaa28}> (0x00000000926aaa28) thrown at [./src/hotspot/share/prims/jni.cpp, line 615]
Event: 7624.915 Thread 0x0000015ef1904000 Exception <a 'sun/nio/fs/WindowsException'{0x0000000092664858}> (0x0000000092664858) thrown at [./src/hotspot/share/prims/jni.cpp, line 615]
Event: 7624.996 Thread 0x0000015efa6b0800 Exception <a 'sun/nio/fs/WindowsException'{0x00000000902f6028}> (0x00000000902f6028) thrown at [./src/hotspot/share/prims/jni.cpp, line 615]
Event: 7625.359 Thread 0x0000015ef18ff000 Exception <a 'sun/nio/fs/WindowsException'{0x000000008f7e68a8}> (0x000000008f7e68a8) thrown at [./src/hotspot/share/prims/jni.cpp, line 615]
Event: 7625.486 Thread 0x0000015efa6b0800 Exception <a 'sun/nio/fs/WindowsException'{0x000000009292f028}> (0x000000009292f028) thrown at [./src/hotspot/share/prims/jni.cpp, line 615]
Event: 7625.919 Thread 0x0000015ef18ff000 Exception <a 'sun/nio/fs/WindowsException'{0x00000000937c6828}> (0x00000000937c6828) thrown at [./src/hotspot/share/prims/jni.cpp, line 615]

Events (20 events):
Event: 7625.885 Executing VM operation: G1CollectForAllocation done
Event: 7625.890 Executing VM operation: CGC_Operation
Event: 7625.890 Executing VM operation: CGC_Operation done
Event: 7625.898 loading class com/android/tools/r8/graph/j0$h
Event: 7625.898 loading class com/android/tools/r8/graph/j0$h done
Event: 7625.898 loading class com/android/tools/r8/graph/j0$h
Event: 7625.898 loading class com/android/tools/r8/graph/j0$h done
Event: 7625.898 loading class com/android/tools/r8/graph/o0
Event: 7625.898 loading class com/android/tools/r8/graph/o0 done
Event: 7625.907 loading class com/android/tools/r8/graph/j0$g
Event: 7625.907 loading class com/android/tools/r8/graph/j0$g done
Event: 7625.907 loading class com/android/tools/r8/graph/j0$g
Event: 7625.907 loading class com/android/tools/r8/graph/j0$g done
Event: 7625.907 loading class com/android/tools/r8/graph/o0
Event: 7625.907 loading class com/android/tools/r8/graph/o0 done
Event: 7626.011 Executing VM operation: ICBufferFull
Event: 7626.012 Executing VM operation: ICBufferFull done
Event: 7626.047 Executing VM operation: G1CollectForAllocation
Event: 7626.055 Executing VM operation: G1CollectForAllocation done
Event: 7626.076 Executing VM operation: G1CollectForAllocation


Dynamic libraries:
0x00007ff7e2690000 - 0x00007ff7e269a000 	D:\Android\android-studio\jre\bin\java.exe
0x00007ffa44290000 - 0x00007ffa44485000 	C:\WINDOWS\SYSTEM32\ntdll.dll
0x00007ffa43980000 - 0x00007ffa43a3d000 	C:\WINDOWS\System32\KERNEL32.DLL
0x00007ffa41d60000 - 0x00007ffa42028000 	C:\WINDOWS\System32\KERNELBASE.dll
0x00007ffa41c60000 - 0x00007ffa41d60000 	C:\WINDOWS\System32\ucrtbase.dll
0x00007ffa29f60000 - 0x00007ffa29f77000 	D:\Android\android-studio\jre\bin\VCRUNTIME140.dll
0x00007ffa3d4f0000 - 0x00007ffa3d509000 	D:\Android\android-studio\jre\bin\jli.dll
0x00007ffa43090000 - 0x00007ffa43230000 	C:\WINDOWS\System32\USER32.dll
0x00007ffa41be0000 - 0x00007ffa41c02000 	C:\WINDOWS\System32\win32u.dll
0x00007ffa2d640000 - 0x00007ffa2d8da000 	C:\WINDOWS\WinSxS\amd64_microsoft.windows.common-controls_6595b64144ccf1df_6.0.19041.844_none_ca00b6081b84eb1d\COMCTL32.dll
0x00007ffa42ec0000 - 0x00007ffa42f5e000 	C:\WINDOWS\System32\msvcrt.dll
0x00007ffa428d0000 - 0x00007ffa428fa000 	C:\WINDOWS\System32\GDI32.dll
0x00007ffa42090000 - 0x00007ffa4219b000 	C:\WINDOWS\System32\gdi32full.dll
0x00007ffa42250000 - 0x00007ffa422ed000 	C:\WINDOWS\System32\msvcp_win.dll
0x00007ffa43bd0000 - 0x00007ffa43c00000 	C:\WINDOWS\System32\IMM32.DLL
0x00007ff9f1cb0000 - 0x00007ff9f1d4d000 	D:\Android\android-studio\jre\bin\msvcp140.dll
0x00007ff9f3760000 - 0x00007ff9f422f000 	D:\Android\android-studio\jre\bin\server\jvm.dll
0x00007ffa422f0000 - 0x00007ffa4239c000 	C:\WINDOWS\System32\ADVAPI32.dll
0x00007ffa42e20000 - 0x00007ffa42ebb000 	C:\WINDOWS\System32\sechost.dll
0x00007ffa42f60000 - 0x00007ffa4308b000 	C:\WINDOWS\System32\RPCRT4.dll
0x00007ffa42910000 - 0x00007ffa42918000 	C:\WINDOWS\System32\PSAPI.DLL
0x00007ffa371f0000 - 0x00007ffa37217000 	C:\WINDOWS\SYSTEM32\WINMM.dll
0x00007ffa318f0000 - 0x00007ffa318f9000 	C:\WINDOWS\SYSTEM32\WSOCK32.dll
0x00007ffa43a40000 - 0x00007ffa43aab000 	C:\WINDOWS\System32\WS2_32.dll
0x00007ffa329a0000 - 0x00007ffa329aa000 	C:\WINDOWS\SYSTEM32\VERSION.dll
0x00007ffa3f930000 - 0x00007ffa3f942000 	C:\WINDOWS\SYSTEM32\kernel.appcore.dll
0x00007ffa163f0000 - 0x00007ffa16401000 	D:\Android\android-studio\jre\bin\verify.dll
0x00007ffa306d0000 - 0x00007ffa308b4000 	C:\WINDOWS\SYSTEM32\DBGHELP.DLL
0x00007ffa2dbe0000 - 0x00007ffa2dc0c000 	C:\WINDOWS\SYSTEM32\dbgcore.DLL
0x00007ffa421d0000 - 0x00007ffa42250000 	C:\WINDOWS\System32\bcryptPrimitives.dll
0x00007ffa163c0000 - 0x00007ffa163e9000 	D:\Android\android-studio\jre\bin\java.dll
0x00007ffa2c790000 - 0x00007ffa2c79b000 	D:\Android\android-studio\jre\bin\jimage.dll
0x00007ffa163a0000 - 0x00007ffa163b8000 	D:\Android\android-studio\jre\bin\zip.dll
0x00007ffa43230000 - 0x00007ffa43972000 	C:\WINDOWS\System32\SHELL32.dll
0x00007ffa3fb30000 - 0x00007ffa402c1000 	C:\WINDOWS\SYSTEM32\windows.storage.dll
0x00007ffa423c0000 - 0x00007ffa42715000 	C:\WINDOWS\System32\combase.dll
0x00007ffa41440000 - 0x00007ffa4146c000 	C:\WINDOWS\SYSTEM32\Wldp.dll
0x00007ffa44190000 - 0x00007ffa4423e000 	C:\WINDOWS\System32\SHCORE.dll
0x00007ffa429d0000 - 0x00007ffa42a25000 	C:\WINDOWS\System32\shlwapi.dll
0x00007ffa41910000 - 0x00007ffa4192f000 	C:\WINDOWS\SYSTEM32\profapi.dll
0x00007ffa15bd0000 - 0x00007ffa15bea000 	D:\Android\android-studio\jre\bin\net.dll
0x00007ffa3ce20000 - 0x00007ffa3cf2b000 	C:\WINDOWS\SYSTEM32\WINHTTP.dll
0x00007ffa411b0000 - 0x00007ffa4121a000 	C:\WINDOWS\system32\mswsock.dll
0x00007ffa15bb0000 - 0x00007ffa15bc4000 	D:\Android\android-studio\jre\bin\nio.dll
0x00007ffa3d5c0000 - 0x00007ffa3d5e7000 	C:\Users\user\.gradle\native\8bec1ad78214c89d9ad589b4d07fe93259594b29d510b10fafb7a158f7737e5d\windows-amd64\native-platform.dll
0x00007ff9ced30000 - 0x00007ff9cee6d000 	C:\Users\user\.gradle\native\53dbd7edfb1c66fb8903c78663c9afc45aea4f116125fa6feffd364cf09443e8\windows-amd64\native-platform-file-events.dll
0x00007ffa2a970000 - 0x00007ffa2a97a000 	D:\Android\android-studio\jre\bin\management.dll
0x00007ffa27fe0000 - 0x00007ffa27fec000 	D:\Android\android-studio\jre\bin\management_ext.dll
0x00007ffa41390000 - 0x00007ffa413a8000 	C:\WINDOWS\SYSTEM32\CRYPTSP.dll
0x00007ffa40ae0000 - 0x00007ffa40b14000 	C:\WINDOWS\system32\rsaenh.dll
0x00007ffa421a0000 - 0x00007ffa421c7000 	C:\WINDOWS\System32\bcrypt.dll
0x00007ffa418d0000 - 0x00007ffa418fe000 	C:\WINDOWS\SYSTEM32\USERENV.dll
0x00007ffa41380000 - 0x00007ffa4138c000 	C:\WINDOWS\SYSTEM32\CRYPTBASE.dll
0x00007ffa40e50000 - 0x00007ffa40e8b000 	C:\WINDOWS\SYSTEM32\IPHLPAPI.DLL
0x00007ffa44240000 - 0x00007ffa44248000 	C:\WINDOWS\System32\NSI.dll
0x00007ffa3bae0000 - 0x00007ffa3baf7000 	C:\WINDOWS\SYSTEM32\dhcpcsvc6.DLL
0x00007ffa3ba50000 - 0x00007ffa3ba6d000 	C:\WINDOWS\SYSTEM32\dhcpcsvc.DLL
0x00007ffa40ea0000 - 0x00007ffa40f6c000 	C:\WINDOWS\SYSTEM32\DNSAPI.dll

dbghelp: loaded successfully - version: 4.0.5 - missing functions: none
symbol engine: initialized successfully - sym options: 0x614 - pdb path: .;D:\Android\android-studio\jre\bin;C:\WINDOWS\SYSTEM32;C:\WINDOWS\WinSxS\amd64_microsoft.windows.common-controls_6595b64144ccf1df_6.0.19041.844_none_ca00b6081b84eb1d;D:\Android\android-studio\jre\bin\server;C:\Users\user\.gradle\native\8bec1ad78214c89d9ad589b4d07fe93259594b29d510b10fafb7a158f7737e5d\windows-amd64;C:\Users\user\.gradle\native\53dbd7edfb1c66fb8903c78663c9afc45aea4f116125fa6feffd364cf09443e8\windows-amd64

VM Arguments:
jvm_args: --add-opens=java.base/java.util=ALL-UNNAMED --add-opens=java.base/java.lang=ALL-UNNAMED --add-opens=java.base/java.lang.invoke=ALL-UNNAMED --add-opens=java.base/java.util=ALL-UNNAMED --add-opens=java.prefs/java.util.prefs=ALL-UNNAMED --add-opens=java.prefs/java.util.prefs=ALL-UNNAMED --add-opens=java.base/java.nio.charset=ALL-UNNAMED --add-opens=java.base/java.net=ALL-UNNAMED --add-opens=java.base/java.util.concurrent.atomic=ALL-UNNAMED -Xmx2048m -Dfile.encoding=UTF-8 -Duser.country=TW -Duser.language=zh -Duser.variant 
java_command: org.gradle.launcher.daemon.bootstrap.GradleDaemon 7.0.2
java_class_path (initial): C:\Users\user\.gradle\wrapper\dists\gradle-7.0.2-bin\857tjihv64xamwrf0h14cai3r\gradle-7.0.2\lib\gradle-launcher-7.0.2.jar
Launcher Type: SUN_STANDARD

[Global flags]
     intx CICompilerCount                          = 4                                         {product} {ergonomic}
     uint ConcGCThreads                            = 2                                         {product} {ergonomic}
     uint G1ConcRefinementThreads                  = 8                                         {product} {ergonomic}
   size_t G1HeapRegionSize                         = 1048576                                   {product} {ergonomic}
    uintx GCDrainStackTargetSize                   = 64                                        {product} {ergonomic}
   size_t InitialHeapSize                          = 268435456                                 {product} {ergonomic}
   size_t MarkStackSize                            = 4194304                                   {product} {ergonomic}
   size_t MaxHeapSize                              = 2147483648                                {product} {command line}
   size_t MaxNewSize                               = 1287651328                                {product} {ergonomic}
   size_t MinHeapDeltaBytes                        = 1048576                                   {product} {ergonomic}
    uintx NonNMethodCodeHeapSize                   = 5836300                                {pd product} {ergonomic}
    uintx NonProfiledCodeHeapSize                  = 122910970                              {pd product} {ergonomic}
    uintx ProfiledCodeHeapSize                     = 122910970                              {pd product} {ergonomic}
    uintx ReservedCodeCacheSize                    = 251658240                              {pd product} {ergonomic}
     bool SegmentedCodeCache                       = true                                      {product} {ergonomic}
     bool UseCompressedClassPointers               = true                                 {lp64_product} {ergonomic}
     bool UseCompressedOops                        = true                                 {lp64_product} {ergonomic}
     bool UseG1GC                                  = true                                      {product} {ergonomic}
     bool UseLargePagesIndividualAllocation        = false                                  {pd product} {ergonomic}

Logging:
Log output configuration:
 #0: stdout all=warning uptime,level,tags
 #1: stderr all=off uptime,level,tags

Environment Variables:
PATH=C:\Program Files (x86)\Common Files\Oracle\Java\javapath;C:\Program Files (x86)\Intel\Intel(R) Management Engine Components\iCLS\;C:\Program Files\Intel\Intel(R) Management Engine Components\iCLS\;C:\ProgramData\Oracle\Java\javapath;C:\WINDOWS\system32;C:\WINDOWS;C:\WINDOWS\System32\Wbem;C:\WINDOWS\System32\WindowsPowerShell\v1.0\;C:\Program Files (x86)\Intel\Intel(R) Management Engine Components\DAL;C:\Program Files\Intel\Intel(R) Management Engine Components\DAL;C:\Program Files (x86)\Intel\Intel(R) Management Engine Components\IPT;C:\Program Files\Intel\Intel(R) Management Engine Components\IPT;C:\WINDOWS\System32\OpenSSH\;C:\Program Files\Java\jdk1.8.0_191\bin;C:\Program Files\PuTTY\;C:\Program Files\Git\cmd;C:\Users\user\AppData\Local\Microsoft\WindowsApps;C:\Users\user\AppData\Local\GitHubDesktop\bin;C:\AppServ\Apache2.2\bin;C:\AppServ\php5;C:\AppServ\MySQL\bin
USERNAME=user
OS=Windows_NT
PROCESSOR_IDENTIFIER=Intel64 Family 6 Model 158 Stepping 9, GenuineIntel



---------------  S Y S T E M  ---------------

OS: Windows 10 , 64 bit Build 19041 (10.0.19041.928)
OS uptime: 0 days 3:19 hours

CPU:total 8 (initial active 8) (4 cores per cpu, 2 threads per core) family 6 model 158 stepping 9 microcode 0xb4, cmov, cx8, fxsr, mmx, sse, sse2, sse3, ssse3, sse4.1, sse4.2, popcnt, avx, avx2, aes, clmul, erms, rtm, 3dnowpref, lzcnt, ht, tsc, tscinvbit, bmi1, bmi2, adx, fma

Memory: 4k page, system-wide physical 16267M (640M free)
TotalPageFile size 16267M (AvailPageFile size 58M)
current process WorkingSet (physical memory assigned to process): 750M, peak: 760M
current process commit charge ("private bytes"): 863M, peak: 934M

vm_info: OpenJDK 64-Bit Server VM (11.0.10+0-b96-7249189) for windows-amd64 JRE (11.0.10+0-b96-7249189), built on Mar 31 2021 21:44:00 by "builder" with MS VC++ 14.0 (VS2015)

END.
